4033  09:59:24 connect(3, {sa_family=AF_INET, sin_port=htons(22), sin_addr=inet_addr("192.168.0.107")}, 16) = 0
4033  09:59:24 setsockopt(3, SOL_SOCKET, SO_KEEPALIVE, [1], 4) = 0
4033  09:59:24 getpeername(3, {sa_family=AF_INET, sin_port=htons(22), sin_addr=inet_addr("192.168.0.107")}, [16]) = 0
4033  09:59:24 getpeername(3, {sa_family=AF_INET, sin_port=htons(22), sin_addr=inet_addr("192.168.0.107")}, [16]) = 0
4033  09:59:24 getsockname(3, {sa_family=AF_INET, sin_port=htons(37308), sin_addr=inet_addr("192.168.0.105")}, [16]) = 0
4033  09:59:24 getsockname(3, {sa_family=AF_INET, sin_port=htons(37308), sin_addr=inet_addr("192.168.0.105")}, [16]) = 0
4033  09:59:24 setresuid(-1, 0, -1)     = 0
4033  09:59:24 getuid()                 = 0
4033  09:59:24 getgid()                 = 0
4033  09:59:24 setresgid(0, 0, 0)       = 0
4033  09:59:24 setresuid(0, 0, 0)       = 0
4033  09:59:24 getgid()                 = 0
4033  09:59:24 getegid()                = 0
4033  09:59:24 getuid()                 = 0
4033  09:59:24 geteuid()                = 0
4033  09:59:24 stat("/root/.ssh", {st_mode=S_IFDIR|0700, st_size=25, ...}) = 0
4033  09:59:24 open("/etc/passwd", O_RDONLY|O_CLOEXEC) = 4
4033  09:59:24 fstat(4, {st_mode=S_IFREG|0644, st_size=1081, ...}) = 0
4033  09:59:24 mmap(NULL, 4096, PROT_READ|PROT_WRITE, MAP_PRIVATE|MAP_ANONYMOUS, -1, 0) = 0x7f1f022d5000
4033  09:59:24 read(4, "root:x:0:0:root:/root:/bin/bash\n"..., 4096) = 1081
4033  09:59:24 close(4)                 = 0
4033  09:59:24 munmap(0x7f1f022d5000, 4096) = 0
4033  09:59:24 uname({sys="Linux", node="oldboy", ...}) = 0
4033  09:59:24 open("/etc/passwd", O_RDONLY|O_CLOEXEC) = 4
4033  09:59:24 fstat(4, {st_mode=S_IFREG|0644, st_size=1081, ...}) = 0
4033  09:59:24 mmap(NULL, 4096, PROT_READ|PROT_WRITE, MAP_PRIVATE|MAP_ANONYMOUS, -1, 0) = 0x7f1f022d5000
4033  09:59:24 read(4, "root:x:0:0:root:/root:/bin/bash\n"..., 4096) = 1081
4033  09:59:24 close(4)                 = 0
4033  09:59:24 munmap(0x7f1f022d5000, 4096) = 0
4033  09:59:24 open("/root/.ssh/id_rsa", O_RDONLY) = -1 ENOENT (No such file or directory)
4033  09:59:24 open("/root/.ssh/id_rsa.pub", O_RDONLY) = -1 ENOENT (No such file or directory)
4033  09:59:24 open("/root/.ssh/id_rsa-cert", O_RDONLY) = -1 ENOENT (No such file or directory)
4033  09:59:24 open("/root/.ssh/id_rsa-cert.pub", O_RDONLY) = -1 ENOENT (No such file or directory)
4033  09:59:24 open("/etc/passwd", O_RDONLY|O_CLOEXEC) = 4
4033  09:59:24 fstat(4, {st_mode=S_IFREG|0644, st_size=1081, ...}) = 0
4033  09:59:24 mmap(NULL, 4096, PROT_READ|PROT_WRITE, MAP_PRIVATE|MAP_ANONYMOUS, -1, 0) = 0x7f1f022d5000
4033  09:59:24 read(4, "root:x:0:0:root:/root:/bin/bash\n"..., 4096) = 1081
4033  09:59:24 close(4)                 = 0
4033  09:59:24 munmap(0x7f1f022d5000, 4096) = 0
4033  09:59:24 open("/root/.ssh/id_dsa", O_RDONLY) = -1 ENOENT (No such file or directory)
4033  09:59:24 open("/root/.ssh/id_dsa.pub", O_RDONLY) = -1 ENOENT (No such file or directory)
4033  09:59:24 open("/root/.ssh/id_dsa-cert", O_RDONLY) = -1 ENOENT (No such file or directory)
4033  09:59:24 open("/root/.ssh/id_dsa-cert.pub", O_RDONLY) = -1 ENOENT (No such file or directory)
4033  09:59:24 open("/etc/passwd", O_RDONLY|O_CLOEXEC) = 4
4033  09:59:24 fstat(4, {st_mode=S_IFREG|0644, st_size=1081, ...}) = 0
4033  09:59:24 mmap(NULL, 4096, PROT_READ|PROT_WRITE, MAP_PRIVATE|MAP_ANONYMOUS, -1, 0) = 0x7f1f022d5000
4033  09:59:24 read(4, "root:x:0:0:root:/root:/bin/bash\n"..., 4096) = 1081
4033  09:59:24 close(4)                 = 0
4033  09:59:24 munmap(0x7f1f022d5000, 4096) = 0
4033  09:59:24 open("/root/.ssh/id_ecdsa", O_RDONLY) = -1 ENOENT (No such file or directory)
4033  09:59:24 open("/root/.ssh/id_ecdsa.pub", O_RDONLY) = -1 ENOENT (No such file or directory)
4033  09:59:24 open("/root/.ssh/id_ecdsa-cert", O_RDONLY) = -1 ENOENT (No such file or directory)
4033  09:59:24 open("/root/.ssh/id_ecdsa-cert.pub", O_RDONLY) = -1 ENOENT (No such file or directory)
4033  09:59:24 open("/etc/passwd", O_RDONLY|O_CLOEXEC) = 4
4033  09:59:24 fstat(4, {st_mode=S_IFREG|0644, st_size=1081, ...}) = 0
4033  09:59:24 mmap(NULL, 4096, PROT_READ|PROT_WRITE, MAP_PRIVATE|MAP_ANONYMOUS, -1, 0) = 0x7f1f022d5000
4033  09:59:24 read(4, "root:x:0:0:root:/root:/bin/bash\n"..., 4096) = 1081
4033  09:59:24 close(4)                 = 0
4033  09:59:24 munmap(0x7f1f022d5000, 4096) = 0
4033  09:59:24 open("/root/.ssh/id_ed25519", O_RDONLY) = -1 ENOENT (No such file or directory)
4033  09:59:24 open("/root/.ssh/id_ed25519.pub", O_RDONLY) = -1 ENOENT (No such file or directory)
4033  09:59:24 open("/root/.ssh/id_ed25519-cert", O_RDONLY) = -1 ENOENT (No such file or directory)
4033  09:59:24 open("/root/.ssh/id_ed25519-cert.pub", O_RDONLY) = -1 ENOENT (No such file or directory)
4033  09:59:24 open("/etc/passwd", O_RDONLY|O_CLOEXEC) = 4
4033  09:59:24 fstat(4, {st_mode=S_IFREG|0644, st_size=1081, ...}) = 0
4033  09:59:24 mmap(NULL, 4096, PROT_READ|PROT_WRITE, MAP_PRIVATE|MAP_ANONYMOUS, -1, 0) = 0x7f1f022d5000
4033  09:59:24 read(4, "root:x:0:0:root:/root:/bin/bash\n"..., 4096) = 1081
4033  09:59:24 close(4)                 = 0
4033  09:59:24 munmap(0x7f1f022d5000, 4096) = 0
4033  09:59:24 open("/etc/passwd", O_RDONLY|O_CLOEXEC) = 4
4033  09:59:24 fstat(4, {st_mode=S_IFREG|0644, st_size=1081, ...}) = 0
4033  09:59:24 mmap(NULL, 4096, PROT_READ|PROT_WRITE, MAP_PRIVATE|MAP_ANONYMOUS, -1, 0) = 0x7f1f022d5000
4033  09:59:24 read(4, "root:x:0:0:root:/root:/bin/bash\n"..., 4096) = 1081
4033  09:59:24 close(4)                 = 0
4033  09:59:24 munmap(0x7f1f022d5000, 4096) = 0
4033  09:59:24 rt_sigaction(SIGPIPE, NULL, {SIG_DFL, [], 0}, 8) = 0
4033  09:59:24 rt_sigaction(SIGPIPE, {SIG_IGN, [], SA_RESTORER, 0x7f1f00ed4250}, NULL, 8) = 0
4033  09:59:24 rt_sigaction(SIGCHLD, NULL, {SIG_DFL, [], 0}, 8) = 0
4033  09:59:24 rt_sigaction(SIGCHLD, {0x7f1f022e8480, [], SA_RESTORER, 0x7f1f00ed4250}, NULL, 8) = 0
4033  09:59:24 write(3, "SSH-2.0-OpenSSH_7.5\r\n", 21) = 21
4033  09:59:24 read(3, "S", 1)          = 1
4033  09:59:24 read(3, "S", 1)          = 1
4033  09:59:24 read(3, "H", 1)          = 1
4033  09:59:24 read(3, "-", 1)          = 1
4033  09:59:24 read(3, "2", 1)          = 1
4033  09:59:24 read(3, ".", 1)          = 1
4033  09:59:24 read(3, "0", 1)          = 1
4033  09:59:24 read(3, "-", 1)          = 1
4033  09:59:24 read(3, "O", 1)          = 1
4033  09:59:24 read(3, "p", 1)          = 1
4033  09:59:24 read(3, "e", 1)          = 1
4033  09:59:24 read(3, "n", 1)          = 1
4033  09:59:24 read(3, "S", 1)          = 1
4033  09:59:24 read(3, "S", 1)          = 1
4033  09:59:24 read(3, "H", 1)          = 1
4033  09:59:24 read(3, "_", 1)          = 1
4033  09:59:24 read(3, "6", 1)          = 1
4033  09:59:24 read(3, ".", 1)          = 1
4033  09:59:24 read(3, "6", 1)          = 1
4033  09:59:24 read(3, ".", 1)          = 1
4033  09:59:24 read(3, "1", 1)          = 1
4033  09:59:24 read(3, "\r", 1)         = 1
4033  09:59:24 read(3, "\n", 1)         = 1
4033  09:59:24 fcntl(3, F_GETFL)        = 0x2 (flags O_RDWR)
4033  09:59:24 fcntl(3, F_SETFL, O_RDWR|O_NONBLOCK) = 0
4033  09:59:24 open("/root/.ssh/known_hosts", O_RDONLY) = 4
4033  09:59:24 fstat(4, {st_mode=S_IFREG|0644, st_size=1054, ...}) = 0
4033  09:59:24 mmap(NULL, 4096, PROT_READ|PROT_WRITE, MAP_PRIVATE|MAP_ANONYMOUS, -1, 0) = 0x7f1f022d5000
4033  09:59:24 read(4, "192.168.11.135 ecdsa-sha2-nistp2"..., 4096) = 1054
4033  09:59:24 read(4, "", 4096)        = 0
4033  09:59:24 close(4)                 = 0
4033  09:59:24 munmap(0x7f1f022d5000, 4096) = 0
4033  09:59:24 open("/root/.ssh/known_hosts2", O_RDONLY) = -1 ENOENT (No such file or directory)
4033  09:59:24 open("/usr/local/openssh/etc/ssh_known_hosts", O_RDONLY) = -1 ENOENT (No such file or directory)
4033  09:59:24 open("/usr/local/openssh/etc/ssh_known_hosts2", O_RDONLY) = -1 ENOENT (No such file or directory)
4033  09:59:24 brk(0)                   = 0x7f1f03b8c000
4033  09:59:24 brk(0x7f1f03bad000)      = 0x7f1f03bad000
4033  09:59:24 write(3, "\0\0\5\224\v\24\204 X\223\5\206\v\6\16X\375u)\272\31\24\0\0\0010curve2"..., 1432) = 1432
4033  09:59:24 select(4, [3], NULL, NULL, NULL) = 1 (in [3])
4033  09:59:24 read(3, "\0\0\6d\n\24\210\10E8\177\230\22\213\347r%\256\336\245J[\0\0\0\324curve2"..., 8192) = 1448
4033  09:59:24 select(4, [3], NULL, NULL, NULL) = 1 (in [3])
4033  09:59:24 read(3, "com,umac-128@openssh.com,hmac-sh"..., 8192) = 192
4033  09:59:24 write(3, "\0\0\0,\6\36\0\0\0 \v=G^j\213\270d}\211@\207k\260Z\304\230\362\353\\\3173"..., 48) = 48
4033  09:59:24 select(4, [3], NULL, NULL, NULL) = 1 (in [3])
4033  09:59:25 read(3, "\0\0\1\4\t\37\0\0\0h\0\0\0\23ecdsa-sha2-nistp25"..., 8192) = 280
4033  09:59:25 open("/root/.ssh/known_hosts", O_RDONLY) = 4
4033  09:59:25 fstat(4, {st_mode=S_IFREG|0644, st_size=1054, ...}) = 0
4033  09:59:25 mmap(NULL, 4096, PROT_READ|PROT_WRITE, MAP_PRIVATE|MAP_ANONYMOUS, -1, 0) = 0x7f1f022d5000
4033  09:59:25 read(4, "192.168.11.135 ecdsa-sha2-nistp2"..., 4096) = 1054
4033  09:59:25 read(4, "", 4096)        = 0
4033  09:59:25 close(4)                 = 0
4033  09:59:25 munmap(0x7f1f022d5000, 4096) = 0
4033  09:59:25 open("/root/.ssh/known_hosts2", O_RDONLY) = -1 ENOENT (No such file or directory)
4033  09:59:25 open("/usr/local/openssh/etc/ssh_known_hosts", O_RDONLY) = -1 ENOENT (No such file or directory)
4033  09:59:25 open("/usr/local/openssh/etc/ssh_known_hosts2", O_RDONLY) = -1 ENOENT (No such file or directory)
4033  09:59:25 clock_gettime(0x7 /* CLOCK_??? */, {11615, 530215263}) = 0
4033  09:59:25 write(3, "\0\0\0\f\n\25\0\0\0\0\0\0\0\0\0\0", 16) = 16
4033  09:59:25 write(3, "\321\235\326\310\16\334\0317'\363\376@en\252\220\373I\314\f\300Guy\345\r\201;\203\235\3w"..., 44) = 44
4033  09:59:25 select(4, [3], NULL, NULL, NULL) = 1 (in [3])
4033  09:59:25 read(3, "\2102\276A\325\373\346\246\273\36\24\324\354\2259\7\300\310Q\25%\306\305Qy&\216\275mFcY"..., 8192) = 44
4033  09:59:25 write(3, "\236p\350\352\257\30\272\2668\312\354\217X}z\273S\215\0271\207\33|sY?\177=\307\333\311\27"..., 60) = 60
4033  09:59:25 select(4, [3], NULL, NULL, NULL) = 1 (in [3])
4033  09:59:25 read(3, "\2013\264s\313V\233\345\323\37O\274\177U\230?\271\313OK\16\365\237\353\352\234\214\240tI\360\215"..., 8192) = 52
4033  09:59:25 stat("/root/.ssh/id_rsa", 0x7ffca6360e90) = -1 ENOENT (No such file or directory)
4033  09:59:25 stat("/root/.ssh/id_dsa", 0x7ffca6360e90) = -1 ENOENT (No such file or directory)
4033  09:59:25 stat("/root/.ssh/id_ecdsa", 0x7ffca6360e90) = -1 ENOENT (No such file or directory)
4033  09:59:25 stat("/root/.ssh/id_ed25519", 0x7ffca6360e90) = -1 ENOENT (No such file or directory)
4033  09:59:25 open("/dev/tty", O_RDWR) = 4
4033  09:59:25 close(4)                 = 0
4033  09:59:25 open("/dev/tty", O_RDWR) = 4
4033  09:59:25 ioctl(4, SNDCTL_TMR_TIMEBASE or SNDRV_TIMER_IOCTL_NEXT_DEVICE or TCGETS, {B38400 opost isig icanon echo ...}) = 0
4033  09:59:25 ioctl(4, SNDCTL_TMR_CONTINUE or SNDRV_TIMER_IOCTL_GPARAMS or TCSETSF, {B38400 opost isig icanon -echo ...}) = 0
4033  09:59:25 rt_sigaction(SIGALRM, {0x7f1f023460d0, [], SA_RESTORER, 0x7f1f00ed4250}, {SIG_DFL, [], 0}, 8) = 0
4033  09:59:25 rt_sigaction(SIGHUP, {0x7f1f023460d0, [], SA_RESTORER, 0x7f1f00ed4250}, {SIG_DFL, [], 0}, 8) = 0
4033  09:59:25 rt_sigaction(SIGINT, {0x7f1f023460d0, [], SA_RESTORER, 0x7f1f00ed4250}, {SIG_DFL, [], 0}, 8) = 0
4033  09:59:25 rt_sigaction(SIGPIPE, {0x7f1f023460d0, [], SA_RESTORER, 0x7f1f00ed4250}, {SIG_IGN, [], SA_RESTORER, 0x7f1f00ed4250}, 8) = 0
4033  09:59:25 rt_sigaction(SIGQUIT, {0x7f1f023460d0, [], SA_RESTORER, 0x7f1f00ed4250}, {SIG_DFL, [], 0}, 8) = 0
4033  09:59:25 rt_sigaction(SIGTERM, {0x7f1f023460d0, [], SA_RESTORER, 0x7f1f00ed4250}, {SIG_DFL, [], 0}, 8) = 0
4033  09:59:25 rt_sigaction(SIGTSTP, {0x7f1f023460d0, [], SA_RESTORER, 0x7f1f00ed4250}, {SIG_DFL, [], 0}, 8) = 0
4033  09:59:25 rt_sigaction(SIGTTIN, {0x7f1f023460d0, [], SA_RESTORER, 0x7f1f00ed4250}, {SIG_DFL, [], 0}, 8) = 0
4033  09:59:25 rt_sigaction(SIGTTOU, {0x7f1f023460d0, [], SA_RESTORER, 0x7f1f00ed4250}, {SIG_DFL, [], 0}, 8) = 0
4033  09:59:25 write(4, "root@192.168.0.107's password: ", 31) = 31
4033  09:59:25 read(4, "1", 1)          = 1
4033  09:59:25 read(4, "2", 1)          = 1
4033  09:59:25 read(4, "3", 1)          = 1
4033  09:59:25 read(4, "4", 1)          = 1
4033  09:59:25 read(4, "5", 1)          = 1
4033  09:59:25 read(4, "6", 1)          = 1
4033  09:59:25 read(4, "\n", 1)         = 1
4033  09:59:25 write(4, "\n", 1)        = 1
4033  09:59:25 ioctl(4, SNDCTL_TMR_CONTINUE or SNDRV_TIMER_IOCTL_GPARAMS or TCSETSF, {B38400 opost isig icanon echo ...}) = 0
4033  09:59:25 rt_sigaction(SIGALRM, {SIG_DFL, [], SA_RESTORER, 0x7f1f00ed4250}, NULL, 8) = 0
4033  09:59:25 rt_sigaction(SIGHUP, {SIG_DFL, [], SA_RESTORER, 0x7f1f00ed4250}, NULL, 8) = 0
4033  09:59:25 rt_sigaction(SIGINT, {SIG_DFL, [], SA_RESTORER, 0x7f1f00ed4250}, NULL, 8) = 0
4033  09:59:25 rt_sigaction(SIGQUIT, {SIG_DFL, [], SA_RESTORER, 0x7f1f00ed4250}, NULL, 8) = 0
4033  09:59:25 rt_sigaction(SIGPIPE, {SIG_IGN, [], SA_RESTORER, 0x7f1f00ed4250}, NULL, 8) = 0
4033  09:59:25 rt_sigaction(SIGTERM, {SIG_DFL, [], SA_RESTORER, 0x7f1f00ed4250}, NULL, 8) = 0
4033  09:59:25 rt_sigaction(SIGTSTP, {SIG_DFL, [], SA_RESTORER, 0x7f1f00ed4250}, NULL, 8) = 0
4033  09:59:25 rt_sigaction(SIGTTIN, {SIG_DFL, [], SA_RESTORER, 0x7f1f00ed4250}, NULL, 8) = 0
4033  09:59:25 rt_sigaction(SIGTTOU, {SIG_DFL, [], SA_RESTORER, 0x7f1f00ed4250}, NULL, 8) = 0
4033  09:59:25 close(4)                 = 0
4033  09:59:25 write(3, "\33U\227\251\330+\212\25\355\233\306\21\314\26\317\302.\270\323\335\274\312\247\350+f\0043\231lj\f"..., 84) = 84
4033  09:59:25 select(4, [3], NULL, NULL, NULL) = 1 (in [3])
4033  09:59:25 read(3, "}\355\227H\241(\243\354\30\210\\\346\337A(\10Z\215\325y\203z\274\275`CxC", 8192) = 28
4033  09:59:25 dup(0)                   = 4
4033  09:59:25 dup(1)                   = 5
4033  09:59:25 dup(2)                   = 6
4033  09:59:25 ioctl(4, SNDCTL_TMR_TIMEBASE or SNDRV_TIMER_IOCTL_NEXT_DEVICE or TCGETS, {B38400 opost isig icanon echo ...}) = 0
4033  09:59:25 ioctl(5, SNDCTL_TMR_TIMEBASE or SNDRV_TIMER_IOCTL_NEXT_DEVICE or TCGETS, {B38400 opost isig icanon echo ...}) = 0
4033  09:59:25 ioctl(6, SNDCTL_TMR_TIMEBASE or SNDRV_TIMER_IOCTL_NEXT_DEVICE or TCGETS, {B38400 opost isig icanon echo ...}) = 0
4033  09:59:25 fcntl(4, F_SETFD, FD_CLOEXEC) = 0
4033  09:59:25 fcntl(5, F_SETFD, FD_CLOEXEC) = 0
4033  09:59:25 fcntl(6, F_SETFD, FD_CLOEXEC) = 0
4033  09:59:25 rt_sigaction(SIGHUP, NULL, {SIG_DFL, [], SA_RESTORER, 0x7f1f00ed4250}, 8) = 0
4033  09:59:25 rt_sigaction(SIGHUP, {SIG_IGN, [], SA_RESTORER, 0x7f1f00ed4250}, NULL, 8) = 0
4033  09:59:25 rt_sigaction(SIGHUP, NULL, {SIG_IGN, [], SA_RESTORER, 0x7f1f00ed4250}, 8) = 0
4033  09:59:25 rt_sigaction(SIGHUP, {0x7f1f022ee9f0, [], SA_RESTORER, 0x7f1f00ed4250}, NULL, 8) = 0
4033  09:59:25 rt_sigaction(SIGINT, NULL, {SIG_DFL, [], SA_RESTORER, 0x7f1f00ed4250}, 8) = 0
4033  09:59:25 rt_sigaction(SIGINT, {SIG_IGN, [], SA_RESTORER, 0x7f1f00ed4250}, NULL, 8) = 0
4033  09:59:25 rt_sigaction(SIGINT, NULL, {SIG_IGN, [], SA_RESTORER, 0x7f1f00ed4250}, 8) = 0
4033  09:59:25 rt_sigaction(SIGINT, {0x7f1f022ee9f0, [], SA_RESTORER, 0x7f1f00ed4250}, NULL, 8) = 0
4033  09:59:25 rt_sigaction(SIGQUIT, NULL, {SIG_DFL, [], SA_RESTORER, 0x7f1f00ed4250}, 8) = 0
4033  09:59:25 rt_sigaction(SIGQUIT, {SIG_IGN, [], SA_RESTORER, 0x7f1f00ed4250}, NULL, 8) = 0
4033  09:59:25 rt_sigaction(SIGQUIT, NULL, {SIG_IGN, [], SA_RESTORER, 0x7f1f00ed4250}, 8) = 0
4033  09:59:25 rt_sigaction(SIGQUIT, {0x7f1f022ee9f0, [], SA_RESTORER, 0x7f1f00ed4250}, NULL, 8) = 0
4033  09:59:25 rt_sigaction(SIGTERM, NULL, {SIG_DFL, [], SA_RESTORER, 0x7f1f00ed4250}, 8) = 0
4033  09:59:25 rt_sigaction(SIGTERM, {SIG_IGN, [], SA_RESTORER, 0x7f1f00ed4250}, NULL, 8) = 0
4033  09:59:25 rt_sigaction(SIGTERM, NULL, {SIG_IGN, [], SA_RESTORER, 0x7f1f00ed4250}, 8) = 0
4033  09:59:25 rt_sigaction(SIGTERM, {0x7f1f022ee9f0, [], SA_RESTORER, 0x7f1f00ed4250}, NULL, 8) = 0
4033  09:59:25 rt_sigaction(SIGWINCH, NULL, {SIG_DFL, [], 0}, 8) = 0
4033  09:59:25 rt_sigaction(SIGWINCH, {0x7f1f022eec80, [], SA_RESTORER, 0x7f1f00ed4250}, NULL, 8) = 0
4033  09:59:25 ioctl(0, SNDCTL_TMR_TIMEBASE or SNDRV_TIMER_IOCTL_NEXT_DEVICE or TCGETS, {B38400 opost isig icanon echo ...}) = 0
4033  09:59:25 ioctl(0, SNDCTL_TMR_STOP or SNDRV_TIMER_IOCTL_GINFO or TCSETSW, {B38400 -opost -isig -icanon -echo ...}) = 0
4033  09:59:25 clock_gettime(0x7 /* CLOCK_??? */, {11615, 660517883}) = 0
4033  09:59:25 clock_gettime(0x7 /* CLOCK_??? */, {11615, 660543338}) = 0
4033  09:59:25 select(7, [3], [3], NULL, NULL) = 1 (out [3])
4033  09:59:25 clock_gettime(0x7 /* CLOCK_??? */, {11615, 660593624}) = 0
4033  09:59:25 write(3, "\26\2\213\237\206\356\273\322\230\376]'\320\333\24\341Pn\304\212*\335N6\375\204\370\r\326C\201:"..., 112) = 112
4033  09:59:25 clock_gettime(0x7 /* CLOCK_??? */, {11615, 660765973}) = 0
4033  09:59:25 clock_gettime(0x7 /* CLOCK_??? */, {11615, 660788216}) = 0
4033  09:59:25 select(7, [3], [], NULL, NULL) = 1 (in [3])
4033  09:59:25 clock_gettime(0x7 /* CLOCK_??? */, {11616, 70996719}) = 0
4033  09:59:25 read(3, "\263\36\206\360\262\222\210R\366K-\227a<\245q\351\325\37749\321d\213\314\2477E\326\372q\300"..., 8192) = 44
4033  09:59:25 getsockopt(3, SOL_TCP, TCP_NODELAY, [0], [4]) = 0
4033  09:59:25 setsockopt(3, SOL_TCP, TCP_NODELAY, [1], 4) = 0
4033  09:59:25 getsockname(3, {sa_family=AF_INET, sin_port=htons(37308), sin_addr=inet_addr("192.168.0.105")}, [16]) = 0
4033  09:59:25 setsockopt(3, SOL_IP, IP_TOS, [16], 4) = 0
4033  09:59:25 ioctl(0, TIOCGWINSZ, {ws_row=48, ws_col=165, ws_xpixel=0, ws_ypixel=0}) = 0
4033  09:59:25 clock_gettime(0x7 /* CLOCK_??? */, {11616, 71359148}) = 0
4033  09:59:25 clock_gettime(0x7 /* CLOCK_??? */, {11616, 71449899}) = 0
4033  09:59:25 select(7, [3], [3], NULL, NULL) = 1 (out [3])
4033  09:59:25 clock_gettime(0x7 /* CLOCK_??? */, {11616, 71501459}) = 0
4033  09:59:25 write(3, "\325%]\207\356Ag\375\352O9\303\227d\f\302\26n\231)e\205d\343\271\362\340#\352=u\347"..., 376) = 376
4033  09:59:25 clock_gettime(0x7 /* CLOCK_??? */, {11616, 71690414}) = 0
4033  09:59:25 clock_gettime(0x7 /* CLOCK_??? */, {11616, 71712968}) = 0
4033  09:59:25 select(7, [3], [], NULL, NULL) = 1 (in [3])
4033  09:59:25 clock_gettime(0x7 /* CLOCK_??? */, {11616, 92711454}) = 0
4033  09:59:25 read(3, "\352\302>\306\352\37=\2738\21\202\247\300\2175\36X\340\217\315\23M\253\377yH\33=\304\265dP"..., 8192) = 108
4033  09:59:25 clock_gettime(0x7 /* CLOCK_??? */, {11616, 92821740}) = 0
4033  09:59:25 clock_gettime(0x7 /* CLOCK_??? */, {11616, 92854239}) = 0
4033  09:59:25 select(7, [3 4], [], NULL, NULL) = 1 (in [3])
4033  09:59:25 clock_gettime(0x7 /* CLOCK_??? */, {11616, 116756816}) = 0
4033  09:59:25 read(3, "\210\372\266\350\223\335\211\333GX5\260\247\35*\222p\344r\301\363\316\323\301c\346\235F\333G\226\354"..., 8192) = 92
4033  09:59:25 clock_gettime(0x7 /* CLOCK_??? */, {11616, 116966092}) = 0
4033  09:59:25 clock_gettime(0x7 /* CLOCK_??? */, {11616, 116988207}) = 0
4033  09:59:25 select(7, [3 4], [5], NULL, NULL) = 1 (out [5])
4033  09:59:25 clock_gettime(0x7 /* CLOCK_??? */, {11616, 117120179}) = 0
4033  09:59:25 write(5, "Last login: Sat Aug 12 17:57:48 "..., 58) = 58
4033  09:59:25 clock_gettime(0x7 /* CLOCK_??? */, {11616, 117537436}) = 0
4033  09:59:25 clock_gettime(0x7 /* CLOCK_??? */, {11616, 117606737}) = 0
4033  09:59:25 select(7, [3 4], [], NULL, NULL) = 1 (in [3])
4033  09:59:25 clock_gettime(0x7 /* CLOCK_??? */, {11616, 174708966}) = 0
4033  09:59:25 read(3, "EZ%\f)\4\234\21'?iq\205\326I\233W8\342\361:\vb=w\337X\306\271s\256P"..., 8192) = 76
4033  09:59:25 clock_gettime(0x7 /* CLOCK_??? */, {11616, 174760426}) = 0
4033  09:59:25 clock_gettime(0x7 /* CLOCK_??? */, {11616, 174774767}) = 0
4033  09:59:25 select(7, [3 4], [5], NULL, NULL) = 1 (out [5])
4033  09:59:25 clock_gettime(0x7 /* CLOCK_??? */, {11616, 174809439}) = 0
4033  09:59:25 write(5, "\33]0;root@proxy:~\7\33[?1034h[root@p"..., 41) = 41
4033  09:59:25 clock_gettime(0x7 /* CLOCK_??? */, {11616, 175093300}) = 0
4033  09:59:25 clock_gettime(0x7 /* CLOCK_??? */, {11616, 175117128}) = 0
4033  09:59:25 select(7, [3 4], [], NULL, NULL) = 1 (in [4])
4033  09:59:26 clock_gettime(0x7 /* CLOCK_??? */, {11617, 112603530}) = 0
4033  09:59:26 read(4, "e", 16384)      = 1
4033  09:59:26 clock_gettime(0x7 /* CLOCK_??? */, {11617, 112660636}) = 0
4033  09:59:26 clock_gettime(0x7 /* CLOCK_??? */, {11617, 112677046}) = 0
4033  09:59:26 select(7, [3 4], [3], NULL, NULL) = 1 (out [3])
4033  09:59:26 clock_gettime(0x7 /* CLOCK_??? */, {11617, 112729835}) = 0
4033  09:59:26 write(3, "\34\342\316]\27\307x\21\331\260\34\24\350\317\314\240\4I\332E\2}\321HUNZ\332uz\247\266"..., 36) = 36
4033  09:59:26 clock_gettime(0x7 /* CLOCK_??? */, {11617, 112850592}) = 0
4033  09:59:26 clock_gettime(0x7 /* CLOCK_??? */, {11617, 112869785}) = 0
4033  09:59:26 select(7, [3 4], [], NULL, NULL) = 1 (in [3])
4033  09:59:26 clock_gettime(0x7 /* CLOCK_??? */, {11617, 137056397}) = 0
4033  09:59:26 read(3, "'\227\243x\236\336E\36K\244\332\340M\6\367w\346*\375\276f\0162\30\177\220g\203\350% \376"..., 8192) = 36
4033  09:59:26 clock_gettime(0x7 /* CLOCK_??? */, {11617, 137125005}) = 0
4033  09:59:26 clock_gettime(0x7 /* CLOCK_??? */, {11617, 137147045}) = 0
4033  09:59:26 select(7, [3 4], [5], NULL, NULL) = 1 (out [5])
4033  09:59:26 clock_gettime(0x7 /* CLOCK_??? */, {11617, 137202424}) = 0
4033  09:59:26 write(5, "e", 1)         = 1
4033  09:59:26 clock_gettime(0x7 /* CLOCK_??? */, {11617, 137543870}) = 0
4033  09:59:26 clock_gettime(0x7 /* CLOCK_??? */, {11617, 137585476}) = 0
4033  09:59:26 select(7, [3 4], [], NULL, NULL) = 1 (in [4])
4033  09:59:26 clock_gettime(0x7 /* CLOCK_??? */, {11617, 427361531}) = 0
4033  09:59:26 read(4, "x", 16384)      = 1
4033  09:59:26 clock_gettime(0x7 /* CLOCK_??? */, {11617, 427428100}) = 0
4033  09:59:26 clock_gettime(0x7 /* CLOCK_??? */, {11617, 427448725}) = 0
4033  09:59:26 select(7, [3 4], [3], NULL, NULL) = 1 (out [3])
4033  09:59:26 clock_gettime(0x7 /* CLOCK_??? */, {11617, 427497780}) = 0
4033  09:59:26 write(3, "\236\21k2\26\267\324\224\372\365\363b=\203\2028\352\334\234\205\332\n\n^\242\375y,wlo\357"..., 36) = 36
4033  09:59:26 clock_gettime(0x7 /* CLOCK_??? */, {11617, 427643173}) = 0
4033  09:59:26 clock_gettime(0x7 /* CLOCK_??? */, {11617, 427665391}) = 0
4033  09:59:26 select(7, [3 4], [], NULL, NULL) = 1 (in [3])
4033  09:59:26 clock_gettime(0x7 /* CLOCK_??? */, {11617, 456691709}) = 0
4033  09:59:26 read(3, "\205[\246\221&\21\203}\37!\307\0272H/&\0m\230z\216v?\323\31g\264I\367\330y\235"..., 8192) = 36
4033  09:59:26 clock_gettime(0x7 /* CLOCK_??? */, {11617, 456755915}) = 0
4033  09:59:26 clock_gettime(0x7 /* CLOCK_??? */, {11617, 456776329}) = 0
4033  09:59:26 select(7, [3 4], [5], NULL, NULL) = 1 (out [5])
4033  09:59:26 clock_gettime(0x7 /* CLOCK_??? */, {11617, 456826203}) = 0
4033  09:59:26 write(5, "x", 1)         = 1
4033  09:59:26 clock_gettime(0x7 /* CLOCK_??? */, {11617, 457269338}) = 0
4033  09:59:26 clock_gettime(0x7 /* CLOCK_??? */, {11617, 457301203}) = 0
4033  09:59:26 select(7, [3 4], [], NULL, NULL) = 1 (in [4])
4033  09:59:27 clock_gettime(0x7 /* CLOCK_??? */, {11617, 723472221}) = 0
4033  09:59:27 read(4, "i", 16384)      = 1
4033  09:59:27 clock_gettime(0x7 /* CLOCK_??? */, {11617, 723535966}) = 0
4033  09:59:27 clock_gettime(0x7 /* CLOCK_??? */, {11617, 723557592}) = 0
4033  09:59:27 select(7, [3 4], [3], NULL, NULL) = 1 (out [3])
4033  09:59:27 clock_gettime(0x7 /* CLOCK_??? */, {11617, 723605803}) = 0
4033  09:59:27 write(3, "\337\36\236\232\206r\201\363\6\324\370Q\n\305\243'\261\16i\337\\\241\273\370\16#\305\346\327=gs"..., 36) = 36
4033  09:59:27 clock_gettime(0x7 /* CLOCK_??? */, {11617, 723751433}) = 0
4033  09:59:27 clock_gettime(0x7 /* CLOCK_??? */, {11617, 723773692}) = 0
4033  09:59:27 select(7, [3 4], [], NULL, NULL) = 1 (in [3])
4033  09:59:27 clock_gettime(0x7 /* CLOCK_??? */, {11617, 728755668}) = 0
4033  09:59:27 read(3, "\212\247\10\330\204\27\211\255o\304\371\36\201\r\32R\201\330\177\206\263\200@\237\366u\204|w\274\343\315"..., 8192) = 36
4033  09:59:27 clock_gettime(0x7 /* CLOCK_??? */, {11617, 728825523}) = 0
4033  09:59:27 clock_gettime(0x7 /* CLOCK_??? */, {11617, 728846257}) = 0
4033  09:59:27 select(7, [3 4], [5], NULL, NULL) = 1 (out [5])
4033  09:59:27 clock_gettime(0x7 /* CLOCK_??? */, {11617, 728896951}) = 0
4033  09:59:27 write(5, "i", 1)         = 1
4033  09:59:27 clock_gettime(0x7 /* CLOCK_??? */, {11617, 729357673}) = 0
4033  09:59:27 clock_gettime(0x7 /* CLOCK_??? */, {11617, 729391989}) = 0
4033  09:59:27 select(7, [3 4], [], NULL, NULL) = 1 (in [4])
4033  09:59:27 clock_gettime(0x7 /* CLOCK_??? */, {11618, 35154384}) = 0
4033  09:59:27 read(4, "t", 16384)      = 1
4033  09:59:27 clock_gettime(0x7 /* CLOCK_??? */, {11618, 35221058}) = 0
4033  09:59:27 clock_gettime(0x7 /* CLOCK_??? */, {11618, 35241840}) = 0
4033  09:59:27 select(7, [3 4], [3], NULL, NULL) = 1 (out [3])
4033  09:59:27 clock_gettime(0x7 /* CLOCK_??? */, {11618, 35290370}) = 0
4033  09:59:27 write(3, "\344\372\232O6zim=\257\205\342\313?\246\326S\345sX\243g\333w4xZ\270\365\352c\34"..., 36) = 36
4033  09:59:27 clock_gettime(0x7 /* CLOCK_??? */, {11618, 35434637}) = 0
4033  09:59:27 clock_gettime(0x7 /* CLOCK_??? */, {11618, 35457133}) = 0
4033  09:59:27 select(7, [3 4], [], NULL, NULL) = 1 (in [3])
4033  09:59:27 clock_gettime(0x7 /* CLOCK_??? */, {11618, 48881497}) = 0
4033  09:59:27 read(3, "N\215\313\34\353\220\373\210>\177L\226\366>\336\305\305\253\366\262\234=\364!\335\327]*~e\26\250"..., 8192) = 36
4033  09:59:27 clock_gettime(0x7 /* CLOCK_??? */, {11618, 48983986}) = 0
4033  09:59:27 clock_gettime(0x7 /* CLOCK_??? */, {11618, 49048548}) = 0
4033  09:59:27 select(7, [3 4], [5], NULL, NULL) = 1 (out [5])
4033  09:59:27 clock_gettime(0x7 /* CLOCK_??? */, {11618, 49195344}) = 0
4033  09:59:27 write(5, "t", 1)         = 1
4033  09:59:27 clock_gettime(0x7 /* CLOCK_??? */, {11618, 49504342}) = 0
4033  09:59:27 clock_gettime(0x7 /* CLOCK_??? */, {11618, 49538428}) = 0
4033  09:59:27 select(7, [3 4], [], NULL, NULL) = 1 (in [4])
4033  09:59:28 clock_gettime(0x7 /* CLOCK_??? */, {11618, 915840243}) = 0
4033  09:59:28 read(4, "\r", 16384)     = 1
4033  09:59:28 clock_gettime(0x7 /* CLOCK_??? */, {11618, 915909364}) = 0
4033  09:59:28 clock_gettime(0x7 /* CLOCK_??? */, {11618, 915926332}) = 0
4033  09:59:28 select(7, [3 4], [3], NULL, NULL) = 1 (out [3])
4033  09:59:28 clock_gettime(0x7 /* CLOCK_??? */, {11618, 915984089}) = 0
4033  09:59:28 write(3, "M\334\333\344\237R\372/k\261?G;\227x\363]y\221\v\206\275;\352\t.\207j\\\264\375;"..., 36) = 36
4033  09:59:28 clock_gettime(0x7 /* CLOCK_??? */, {11618, 916134765}) = 0
4033  09:59:28 clock_gettime(0x7 /* CLOCK_??? */, {11618, 916152482}) = 0
4033  09:59:28 select(7, [3 4], [], NULL, NULL) = 1 (in [3])
4033  09:59:28 clock_gettime(0x7 /* CLOCK_??? */, {11618, 941006234}) = 0
4033  09:59:28 read(3, "b\312u\222\3sb\376\262\205\270{\232l\3039\330*\354\241\235j\6R1\273*\303\276VAX"..., 8192) = 220
4033  09:59:28 close(4)                 = 0
4033  09:59:28 clock_gettime(0x7 /* CLOCK_??? */, {11618, 941167449}) = 0
4033  09:59:28 clock_gettime(0x7 /* CLOCK_??? */, {11618, 941199829}) = 0
4033  09:59:28 select(7, [3], [5], NULL, NULL) = 1 (out [5])
4033  09:59:28 clock_gettime(0x7 /* CLOCK_??? */, {11618, 941275864}) = 0
4033  09:59:28 write(5, "\r\n\347\231\273\345\207\272\r\n", 10) = 10
4033  09:59:28 clock_gettime(0x7 /* CLOCK_??? */, {11618, 941617181}) = 0
4033  09:59:28 clock_gettime(0x7 /* CLOCK_??? */, {11618, 941649405}) = 0
4033  09:59:28 close(5)                 = 0
4033  09:59:28 ioctl(0, SNDCTL_TMR_STOP or SNDRV_TIMER_IOCTL_GINFO or TCSETSW, {B38400 opost isig icanon echo ...}) = 0
4033  09:59:28 close(6)                 = 0
4033  09:59:28 select(7, [3], [3], NULL, NULL) = 1 (out [3])
4033  09:59:28 clock_gettime(0x7 /* CLOCK_??? */, {11618, 941938526}) = 0
4033  09:59:28 write(3, "\315\212U/&\2328\345}\256\374\331C\320 \325d\333\354\277\370\317\33\274\224\211\360>T\355\177\240"..., 36) = 36
4033  09:59:28 rt_sigaction(SIGWINCH, NULL, {0x7f1f022eec80, [], SA_RESTORER, 0x7f1f00ed4250}, 8) = 0
4033  09:59:28 rt_sigaction(SIGWINCH, {SIG_DFL, [], SA_RESTORER, 0x7f1f00ed4250}, NULL, 8) = 0
4033  09:59:28 write(3, "\230m\r\265\311\31R\342\16\220\36DexI\2348\25\300`r<\"yf-\333\332\0008\230O"..., 60) = 60
4033  09:59:28 ioctl(0, SNDCTL_TMR_TIMEBASE or SNDRV_TIMER_IOCTL_NEXT_DEVICE or TCGETS, {B38400 opost isig icanon echo ...}) = 0
4033  09:59:28 ioctl(1, SNDCTL_TMR_TIMEBASE or SNDRV_TIMER_IOCTL_NEXT_DEVICE or TCGETS, {B38400 opost isig icanon echo ...}) = 0
4033  09:59:28 ioctl(2, SNDCTL_TMR_TIMEBASE or SNDRV_TIMER_IOCTL_NEXT_DEVICE or TCGETS, {B38400 opost isig icanon echo ...}) = 0
4033  09:59:28 write(2, "Connection to 192.168.0.107 clos"..., 37) = 37
4033  09:59:28 shutdown(3, SHUT_RDWR)   = 0
4033  09:59:28 close(3)                 = 0
4033  09:59:28 exit_group(0)            = ?
4033  09:59:28 +++ exited with 0 +++
