3996  09:57:30 read(3, "S", 1)          = 1
3996  09:57:30 read(3, "S", 1)          = 1
3996  09:57:30 read(3, "H", 1)          = 1
3996  09:57:30 read(3, "-", 1)          = 1
3996  09:57:30 read(3, "2", 1)          = 1
3996  09:57:30 read(3, ".", 1)          = 1
3996  09:57:30 read(3, "0", 1)          = 1
3996  09:57:30 read(3, "-", 1)          = 1
3996  09:57:30 read(3, "O", 1)          = 1
3996  09:57:30 read(3, "p", 1)          = 1
3996  09:57:30 read(3, "e", 1)          = 1
3996  09:57:30 read(3, "n", 1)          = 1
3996  09:57:30 read(3, "S", 1)          = 1
3996  09:57:30 read(3, "S", 1)          = 1
3996  09:57:30 read(3, "H", 1)          = 1
3996  09:57:30 read(3, "_", 1)          = 1
3996  09:57:30 read(3, "6", 1)          = 1
3996  09:57:30 read(3, ".", 1)          = 1
3996  09:57:30 read(3, "6", 1)          = 1
3996  09:57:30 read(3, ".", 1)          = 1
3996  09:57:30 read(3, "1", 1)          = 1
3996  09:57:30 read(3, "\r", 1)         = 1
3996  09:57:30 read(3, "\n", 1)         = 1
3996  09:57:30 fcntl(3, F_GETFL)        = 0x2 (flags O_RDWR)
3996  09:57:30 fcntl(3, F_SETFL, O_RDWR|O_NONBLOCK) = 0
3996  09:57:30 open("/root/.ssh/known_hosts", O_RDONLY) = 4
3996  09:57:30 fstat(4, {st_mode=S_IFREG|0644, st_size=1054, ...}) = 0
3996  09:57:30 mmap(NULL, 4096, PROT_READ|PROT_WRITE, MAP_PRIVATE|MAP_ANONYMOUS, -1, 0) = 0x7f2a5b9f8000
3996  09:57:30 read(4, "192.168.11.135 ecdsa-sha2-nistp2"..., 4096) = 1054
3996  09:57:30 read(4, "", 4096)        = 0
3996  09:57:30 close(4)                 = 0
3996  09:57:30 munmap(0x7f2a5b9f8000, 4096) = 0
3996  09:57:30 open("/root/.ssh/known_hosts2", O_RDONLY) = -1 ENOENT (No such file or directory)
3996  09:57:30 open("/usr/local/openssh/etc/ssh_known_hosts", O_RDONLY) = -1 ENOENT (No such file or directory)
3996  09:57:30 open("/usr/local/openssh/etc/ssh_known_hosts2", O_RDONLY) = -1 ENOENT (No such file or directory)
3996  09:57:30 brk(0)                   = 0x7f2a5c095000
3996  09:57:30 brk(0x7f2a5c0b6000)      = 0x7f2a5c0b6000
3996  09:57:30 write(3, "\0\0\5\224\v\24\212\37\235\312u\27\32s&m\23\212\366)\2560\0\0\0010curve2"..., 1432) = 1432
3996  09:57:30 select(4, [3], NULL, NULL, NULL) = 1 (in [3])
3996  09:57:30 read(3, "\0\0\6d\n\24\201\5~\360\0224\372\317c\21V5\356\34}\224\0\0\0\324curve2"..., 8192) = 1448
3996  09:57:30 select(4, [3], NULL, NULL, NULL) = 1 (in [3])
3996  09:57:30 read(3, "com,umac-128@openssh.com,hmac-sh"..., 8192) = 192
3996  09:57:30 write(3, "\0\0\0,\6\36\0\0\0 S\346\326\fB\1\340\311\0`\n\341\335&\r\334c\343W\375\366\205"..., 48) = 48
3996  09:57:30 select(4, [3], NULL, NULL, NULL) = 1 (in [3])
3996  09:57:30 read(3, "\0\0\1\4\v\37\0\0\0h\0\0\0\23ecdsa-sha2-nistp25"..., 8192) = 280
3996  09:57:30 open("/root/.ssh/known_hosts", O_RDONLY) = 4
3996  09:57:30 fstat(4, {st_mode=S_IFREG|0644, st_size=1054, ...}) = 0
3996  09:57:30 mmap(NULL, 4096, PROT_READ|PROT_WRITE, MAP_PRIVATE|MAP_ANONYMOUS, -1, 0) = 0x7f2a5b9f8000
3996  09:57:30 read(4, "192.168.11.135 ecdsa-sha2-nistp2"..., 4096) = 1054
3996  09:57:30 read(4, "", 4096)        = 0
3996  09:57:30 close(4)                 = 0
3996  09:57:30 munmap(0x7f2a5b9f8000, 4096) = 0
3996  09:57:30 open("/root/.ssh/known_hosts2", O_RDONLY) = -1 ENOENT (No such file or directory)
3996  09:57:30 open("/usr/local/openssh/etc/ssh_known_hosts", O_RDONLY) = -1 ENOENT (No such file or directory)
3996  09:57:30 open("/usr/local/openssh/etc/ssh_known_hosts2", O_RDONLY) = -1 ENOENT (No such file or directory)
3996  09:57:30 clock_gettime(0x7 /* CLOCK_??? */, {11500, 829027058}) = 0
3996  09:57:30 write(3, "\0\0\0\f\n\25\0\0\0\0\0\0\0\0\0\0", 16) = 16
3996  09:57:30 write(3, "\22\214\262S\312v\224\254(\02082\26773P\246\251\263P\345`!\344\2140\242\233x\214D]"..., 44) = 44
3996  09:57:30 select(4, [3], NULL, NULL, NULL) = 1 (in [3])
3996  09:57:30 read(3, "\326\30\\\240xfx)\212m\354.\23a\234v\30\205\372\226\36\224\242(\20`\353Rj\316\240?"..., 8192) = 44
3996  09:57:30 write(3, "\313\342P\2538\252\362\354\243]F\2442o{~N\205(4\345\236\204\231\310\365\367s+\37\36\1"..., 60) = 60
3996  09:57:30 select(4, [3], NULL, NULL, NULL) = 1 (in [3])
3996  09:57:30 read(3, "\235\211x\245U'\v\326\23H\r\374\372\222\305\370&\363.\17\355t\270/\375\300S\373\341\237_9"..., 8192) = 52
3996  09:57:30 stat("/root/.ssh/id_rsa", 0x7ffd3584fbe0) = -1 ENOENT (No such file or directory)
3996  09:57:30 stat("/root/.ssh/id_dsa", 0x7ffd3584fbe0) = -1 ENOENT (No such file or directory)
3996  09:57:30 stat("/root/.ssh/id_ecdsa", 0x7ffd3584fbe0) = -1 ENOENT (No such file or directory)
3996  09:57:30 stat("/root/.ssh/id_ed25519", 0x7ffd3584fbe0) = -1 ENOENT (No such file or directory)
3996  09:57:30 open("/dev/tty", O_RDWR) = 4
3996  09:57:30 close(4)                 = 0
3996  09:57:30 open("/dev/tty", O_RDWR) = 4
3996  09:57:30 ioctl(4, SNDCTL_TMR_TIMEBASE or SNDRV_TIMER_IOCTL_NEXT_DEVICE or TCGETS, {B38400 opost isig icanon echo ...}) = 0
3996  09:57:30 ioctl(4, SNDCTL_TMR_CONTINUE or SNDRV_TIMER_IOCTL_GPARAMS or TCSETSF, {B38400 opost isig icanon -echo ...}) = 0
3996  09:57:30 rt_sigaction(SIGALRM, {0x7f2a5ba690d0, [], SA_RESTORER, 0x7f2a5a5f7250}, {SIG_DFL, [], 0}, 8) = 0
3996  09:57:30 rt_sigaction(SIGHUP, {0x7f2a5ba690d0, [], SA_RESTORER, 0x7f2a5a5f7250}, {SIG_DFL, [], 0}, 8) = 0
3996  09:57:30 rt_sigaction(SIGINT, {0x7f2a5ba690d0, [], SA_RESTORER, 0x7f2a5a5f7250}, {SIG_DFL, [], 0}, 8) = 0
3996  09:57:30 rt_sigaction(SIGPIPE, {0x7f2a5ba690d0, [], SA_RESTORER, 0x7f2a5a5f7250}, {SIG_IGN, [], SA_RESTORER, 0x7f2a5a5f7250}, 8) = 0
3996  09:57:30 rt_sigaction(SIGQUIT, {0x7f2a5ba690d0, [], SA_RESTORER, 0x7f2a5a5f7250}, {SIG_DFL, [], 0}, 8) = 0
3996  09:57:30 rt_sigaction(SIGTERM, {0x7f2a5ba690d0, [], SA_RESTORER, 0x7f2a5a5f7250}, {SIG_DFL, [], 0}, 8) = 0
3996  09:57:30 rt_sigaction(SIGTSTP, {0x7f2a5ba690d0, [], SA_RESTORER, 0x7f2a5a5f7250}, {SIG_DFL, [], 0}, 8) = 0
3996  09:57:30 rt_sigaction(SIGTTIN, {0x7f2a5ba690d0, [], SA_RESTORER, 0x7f2a5a5f7250}, {SIG_DFL, [], 0}, 8) = 0
3996  09:57:30 rt_sigaction(SIGTTOU, {0x7f2a5ba690d0, [], SA_RESTORER, 0x7f2a5a5f7250}, {SIG_DFL, [], 0}, 8) = 0
3996  09:57:30 write(4, "root@192.168.0.107's password: ", 31) = 31
3996  09:57:30 read(4, "1", 1)          = 1
3996  09:57:30 read(4, "2", 1)          = 1
3996  09:57:30 read(4, "3", 1)          = 1
3996  09:57:30 read(4, "4", 1)          = 1
3996  09:57:30 read(4, "5", 1)          = 1
3996  09:57:30 read(4, "6", 1)          = 1
3996  09:57:30 read(4, "\n", 1)         = 1
3996  09:57:30 write(4, "\n", 1)        = 1
3996  09:57:30 ioctl(4, SNDCTL_TMR_CONTINUE or SNDRV_TIMER_IOCTL_GPARAMS or TCSETSF, {B38400 opost isig icanon echo ...}) = 0
3996  09:57:30 rt_sigaction(SIGALRM, {SIG_DFL, [], SA_RESTORER, 0x7f2a5a5f7250}, NULL, 8) = 0
3996  09:57:30 rt_sigaction(SIGHUP, {SIG_DFL, [], SA_RESTORER, 0x7f2a5a5f7250}, NULL, 8) = 0
3996  09:57:30 rt_sigaction(SIGINT, {SIG_DFL, [], SA_RESTORER, 0x7f2a5a5f7250}, NULL, 8) = 0
3996  09:57:30 rt_sigaction(SIGQUIT, {SIG_DFL, [], SA_RESTORER, 0x7f2a5a5f7250}, NULL, 8) = 0
3996  09:57:30 rt_sigaction(SIGPIPE, {SIG_IGN, [], SA_RESTORER, 0x7f2a5a5f7250}, NULL, 8) = 0
3996  09:57:30 rt_sigaction(SIGTERM, {SIG_DFL, [], SA_RESTORER, 0x7f2a5a5f7250}, NULL, 8) = 0
3996  09:57:30 rt_sigaction(SIGTSTP, {SIG_DFL, [], SA_RESTORER, 0x7f2a5a5f7250}, NULL, 8) = 0
3996  09:57:30 rt_sigaction(SIGTTIN, {SIG_DFL, [], SA_RESTORER, 0x7f2a5a5f7250}, NULL, 8) = 0
3996  09:57:30 rt_sigaction(SIGTTOU, {SIG_DFL, [], SA_RESTORER, 0x7f2a5a5f7250}, NULL, 8) = 0
3996  09:57:30 close(4)                 = 0
3996  09:57:30 write(3, "]9\276\321\36\240\302\204\264L\207:\210,\2\325|\177\206\305`\335\v\306\215gg\3454\344/c"..., 84) = 84
3996  09:57:30 select(4, [3], NULL, NULL, NULL) = 1 (in [3])
3996  09:57:30 read(3, "%\222\200-\205\271Y\16\5:V\352\265\224c'\274z\202 VH*\7\3\n\215\332", 8192) = 28
3996  09:57:30 dup(0)                   = 4
3996  09:57:30 dup(1)                   = 5
3996  09:57:30 dup(2)                   = 6
3996  09:57:30 ioctl(4, SNDCTL_TMR_TIMEBASE or SNDRV_TIMER_IOCTL_NEXT_DEVICE or TCGETS, {B38400 opost isig icanon echo ...}) = 0
3996  09:57:30 ioctl(5, SNDCTL_TMR_TIMEBASE or SNDRV_TIMER_IOCTL_NEXT_DEVICE or TCGETS, {B38400 opost isig icanon echo ...}) = 0
3996  09:57:30 ioctl(6, SNDCTL_TMR_TIMEBASE or SNDRV_TIMER_IOCTL_NEXT_DEVICE or TCGETS, {B38400 opost isig icanon echo ...}) = 0
3996  09:57:30 fcntl(4, F_SETFD, FD_CLOEXEC) = 0
3996  09:57:30 fcntl(5, F_SETFD, FD_CLOEXEC) = 0
3996  09:57:30 fcntl(6, F_SETFD, FD_CLOEXEC) = 0
3996  09:57:30 rt_sigaction(SIGHUP, NULL, {SIG_DFL, [], SA_RESTORER, 0x7f2a5a5f7250}, 8) = 0
3996  09:57:30 rt_sigaction(SIGHUP, {SIG_IGN, [], SA_RESTORER, 0x7f2a5a5f7250}, NULL, 8) = 0
3996  09:57:30 rt_sigaction(SIGHUP, NULL, {SIG_IGN, [], SA_RESTORER, 0x7f2a5a5f7250}, 8) = 0
3996  09:57:30 rt_sigaction(SIGHUP, {0x7f2a5ba119f0, [], SA_RESTORER, 0x7f2a5a5f7250}, NULL, 8) = 0
3996  09:57:30 rt_sigaction(SIGINT, NULL, {SIG_DFL, [], SA_RESTORER, 0x7f2a5a5f7250}, 8) = 0
3996  09:57:30 rt_sigaction(SIGINT, {SIG_IGN, [], SA_RESTORER, 0x7f2a5a5f7250}, NULL, 8) = 0
3996  09:57:30 rt_sigaction(SIGINT, NULL, {SIG_IGN, [], SA_RESTORER, 0x7f2a5a5f7250}, 8) = 0
3996  09:57:30 rt_sigaction(SIGINT, {0x7f2a5ba119f0, [], SA_RESTORER, 0x7f2a5a5f7250}, NULL, 8) = 0
3996  09:57:30 rt_sigaction(SIGQUIT, NULL, {SIG_DFL, [], SA_RESTORER, 0x7f2a5a5f7250}, 8) = 0
3996  09:57:30 rt_sigaction(SIGQUIT, {SIG_IGN, [], SA_RESTORER, 0x7f2a5a5f7250}, NULL, 8) = 0
3996  09:57:30 rt_sigaction(SIGQUIT, NULL, {SIG_IGN, [], SA_RESTORER, 0x7f2a5a5f7250}, 8) = 0
3996  09:57:30 rt_sigaction(SIGQUIT, {0x7f2a5ba119f0, [], SA_RESTORER, 0x7f2a5a5f7250}, NULL, 8) = 0
3996  09:57:30 rt_sigaction(SIGTERM, NULL, {SIG_DFL, [], SA_RESTORER, 0x7f2a5a5f7250}, 8) = 0
3996  09:57:30 rt_sigaction(SIGTERM, {SIG_IGN, [], SA_RESTORER, 0x7f2a5a5f7250}, NULL, 8) = 0
3996  09:57:30 rt_sigaction(SIGTERM, NULL, {SIG_IGN, [], SA_RESTORER, 0x7f2a5a5f7250}, 8) = 0
3996  09:57:30 rt_sigaction(SIGTERM, {0x7f2a5ba119f0, [], SA_RESTORER, 0x7f2a5a5f7250}, NULL, 8) = 0
3996  09:57:30 rt_sigaction(SIGWINCH, NULL, {SIG_DFL, [], 0}, 8) = 0
3996  09:57:30 rt_sigaction(SIGWINCH, {0x7f2a5ba11c80, [], SA_RESTORER, 0x7f2a5a5f7250}, NULL, 8) = 0
3996  09:57:30 ioctl(0, SNDCTL_TMR_TIMEBASE or SNDRV_TIMER_IOCTL_NEXT_DEVICE or TCGETS, {B38400 opost isig icanon echo ...}) = 0
3996  09:57:30 ioctl(0, SNDCTL_TMR_STOP or SNDRV_TIMER_IOCTL_GINFO or TCSETSW, {B38400 -opost -isig -icanon -echo ...}) = 0
3996  09:57:30 clock_gettime(0x7 /* CLOCK_??? */, {11500, 974970006}) = 0
3996  09:57:30 clock_gettime(0x7 /* CLOCK_??? */, {11500, 974995007}) = 0
3996  09:57:30 select(7, [3], [3], NULL, NULL) = 1 (out [3])
3996  09:57:30 clock_gettime(0x7 /* CLOCK_??? */, {11500, 975058747}) = 0
3996  09:57:30 write(3, "\17\f\250\233\23D!E\202\36`\303e\202\2552\341\2205W\247\35\344\205\377\371\27Nc5\200\330"..., 112) = 112
3996  09:57:30 clock_gettime(0x7 /* CLOCK_??? */, {11500, 975236588}) = 0
3996  09:57:30 clock_gettime(0x7 /* CLOCK_??? */, {11500, 975258952}) = 0
3996  09:57:30 select(7, [3], [], NULL, NULL) = 1 (in [3])
3996  09:57:31 clock_gettime(0x7 /* CLOCK_??? */, {11501, 526298727}) = 0
3996  09:57:31 read(3, ">8\215\17\317~G\272\224\27i\2479\253\230\345\325Bk\252\321\322\221\232]\6\233'\201\260&g"..., 8192) = 44
3996  09:57:31 getsockopt(3, SOL_TCP, TCP_NODELAY, [0], [4]) = 0
3996  09:57:31 setsockopt(3, SOL_TCP, TCP_NODELAY, [1], 4) = 0
3996  09:57:31 getsockname(3, {sa_family=AF_INET, sin_port=htons(37304), sin_addr=inet_addr("192.168.0.105")}, [16]) = 0
3996  09:57:31 setsockopt(3, SOL_IP, IP_TOS, [16], 4) = 0
3996  09:57:31 ioctl(0, TIOCGWINSZ, {ws_row=48, ws_col=165, ws_xpixel=0, ws_ypixel=0}) = 0
3996  09:57:31 clock_gettime(0x7 /* CLOCK_??? */, {11501, 526550999}) = 0
3996  09:57:31 clock_gettime(0x7 /* CLOCK_??? */, {11501, 526572818}) = 0
3996  09:57:31 select(7, [3], [3], NULL, NULL) = 1 (out [3])
3996  09:57:31 clock_gettime(0x7 /* CLOCK_??? */, {11501, 526621793}) = 0
3996  09:57:31 write(3, "0\222\325\26\371\177p\222N!y^\2\0018B4\326\367\315\303\245\342\22\200v\246I)\n?\24"..., 376) = 376
3996  09:57:31 clock_gettime(0x7 /* CLOCK_??? */, {11501, 526852555}) = 0
3996  09:57:31 clock_gettime(0x7 /* CLOCK_??? */, {11501, 526881471}) = 0
3996  09:57:31 select(7, [3], [], NULL, NULL) = 1 (in [3])
3996  09:57:31 clock_gettime(0x7 /* CLOCK_??? */, {11501, 546440200}) = 0
3996  09:57:31 read(3, "\343\353\30il\201?\3005D/>\342\361\nJ\372\22M\264\203\311\333\360\232\363|u\236\2225\205"..., 8192) = 108
3996  09:57:31 clock_gettime(0x7 /* CLOCK_??? */, {11501, 546553148}) = 0
3996  09:57:31 clock_gettime(0x7 /* CLOCK_??? */, {11501, 546585341}) = 0
3996  09:57:31 select(7, [3 4], [], NULL, NULL) = 1 (in [3])
3996  09:57:31 clock_gettime(0x7 /* CLOCK_??? */, {11501, 557182286}) = 0
3996  09:57:31 read(3, "{7U\224\315C\226\360\200t\372\366\245}\344C\214\36\335-\220v)\252K\314\346\330\242'\6\313"..., 8192) = 92
3996  09:57:31 clock_gettime(0x7 /* CLOCK_??? */, {11501, 557496131}) = 0
3996  09:57:31 clock_gettime(0x7 /* CLOCK_??? */, {11501, 557531463}) = 0
3996  09:57:31 select(7, [3 4], [5], NULL, NULL) = 1 (out [5])
3996  09:57:31 clock_gettime(0x7 /* CLOCK_??? */, {11501, 557668096}) = 0
3996  09:57:31 write(5, "Last login: Sat Aug 12 17:56:57 "..., 58) = 58
3996  09:57:31 clock_gettime(0x7 /* CLOCK_??? */, {11501, 557922689}) = 0
3996  09:57:31 clock_gettime(0x7 /* CLOCK_??? */, {11501, 557954301}) = 0
3996  09:57:31 select(7, [3 4], [], NULL, NULL) = 1 (in [3])
3996  09:57:31 clock_gettime(0x7 /* CLOCK_??? */, {11501, 613226237}) = 0
3996  09:57:31 read(3, "\303\377\326\265\327&\325\253b\333l\271\234f\275U2\275q\363\21\331B!\neCj\260\177\3\351"..., 8192) = 76
3996  09:57:31 clock_gettime(0x7 /* CLOCK_??? */, {11501, 613284269}) = 0
3996  09:57:31 clock_gettime(0x7 /* CLOCK_??? */, {11501, 613298546}) = 0
3996  09:57:31 select(7, [3 4], [5], NULL, NULL) = 1 (out [5])
3996  09:57:31 clock_gettime(0x7 /* CLOCK_??? */, {11501, 613333972}) = 0
3996  09:57:31 write(5, "\33]0;root@proxy:~\7\33[?1034h[root@p"..., 41) = 41
3996  09:57:31 clock_gettime(0x7 /* CLOCK_??? */, {11501, 613643296}) = 0
3996  09:57:31 clock_gettime(0x7 /* CLOCK_??? */, {11501, 613663851}) = 0
3996  09:57:31 select(7, [3 4], [], NULL, NULL) = 1 (in [4])
3996  09:57:31 clock_gettime(0x7 /* CLOCK_??? */, {11502, 425167172}) = 0
3996  09:57:31 read(4, "e", 16384)      = 1
3996  09:57:31 clock_gettime(0x7 /* CLOCK_??? */, {11502, 425235469}) = 0
3996  09:57:31 clock_gettime(0x7 /* CLOCK_??? */, {11502, 425256149}) = 0
3996  09:57:31 select(7, [3 4], [3], NULL, NULL) = 1 (out [3])
3996  09:57:31 clock_gettime(0x7 /* CLOCK_??? */, {11502, 425304861}) = 0
3996  09:57:31 write(3, "\364\317\36\3=\1\250r*\324\220\224\311F\200\335R]|\374#\306\214\352Y\267]\335\16\235U\26"..., 36) = 36
3996  09:57:31 clock_gettime(0x7 /* CLOCK_??? */, {11502, 425450275}) = 0
3996  09:57:31 clock_gettime(0x7 /* CLOCK_??? */, {11502, 425472637}) = 0
3996  09:57:31 select(7, [3 4], [], NULL, NULL) = 1 (in [3])
3996  09:57:31 clock_gettime(0x7 /* CLOCK_??? */, {11502, 430135761}) = 0
3996  09:57:31 read(3, "\247\303\266-\262:\10\20@l\243\305\31\02259\326D^\274\302\331\230\227\341U\24C\242\341\303%"..., 8192) = 36
3996  09:57:31 clock_gettime(0x7 /* CLOCK_??? */, {11502, 430205804}) = 0
3996  09:57:31 clock_gettime(0x7 /* CLOCK_??? */, {11502, 430226991}) = 0
3996  09:57:31 select(7, [3 4], [5], NULL, NULL) = 1 (out [5])
3996  09:57:31 clock_gettime(0x7 /* CLOCK_??? */, {11502, 430278874}) = 0
3996  09:57:31 write(5, "e", 1)         = 1
3996  09:57:31 clock_gettime(0x7 /* CLOCK_??? */, {11502, 430877534}) = 0
3996  09:57:31 clock_gettime(0x7 /* CLOCK_??? */, {11502, 430919011}) = 0
3996  09:57:31 select(7, [3 4], [], NULL, NULL) = 1 (in [4])
3996  09:57:32 clock_gettime(0x7 /* CLOCK_??? */, {11502, 723539440}) = 0
3996  09:57:32 read(4, "x", 16384)      = 1
3996  09:57:32 clock_gettime(0x7 /* CLOCK_??? */, {11502, 723601978}) = 0
3996  09:57:32 clock_gettime(0x7 /* CLOCK_??? */, {11502, 723622911}) = 0
3996  09:57:32 select(7, [3 4], [3], NULL, NULL) = 1 (out [3])
3996  09:57:32 clock_gettime(0x7 /* CLOCK_??? */, {11502, 723671460}) = 0
3996  09:57:32 write(3, "\24p|B$\f\245c\337w\257\245\362a\206\270\31\235#/\252 [2\211\320\2\216\20[\323\247"..., 36) = 36
3996  09:57:32 clock_gettime(0x7 /* CLOCK_??? */, {11502, 723817176}) = 0
3996  09:57:32 clock_gettime(0x7 /* CLOCK_??? */, {11502, 723839343}) = 0
3996  09:57:32 select(7, [3 4], [], NULL, NULL) = 1 (in [3])
3996  09:57:32 clock_gettime(0x7 /* CLOCK_??? */, {11502, 730172674}) = 0
3996  09:57:32 read(3, "\241\3411f\360\334\7\27\2227_\17^\264\203\332\207/q)\33\327urW\273\227\262:l\10^"..., 8192) = 36
3996  09:57:32 clock_gettime(0x7 /* CLOCK_??? */, {11502, 730259166}) = 0
3996  09:57:32 clock_gettime(0x7 /* CLOCK_??? */, {11502, 730290122}) = 0
3996  09:57:32 select(7, [3 4], [5], NULL, NULL) = 1 (out [5])
3996  09:57:32 clock_gettime(0x7 /* CLOCK_??? */, {11502, 730364631}) = 0
3996  09:57:32 write(5, "x", 1)         = 1
3996  09:57:32 clock_gettime(0x7 /* CLOCK_??? */, {11502, 730586582}) = 0
3996  09:57:32 clock_gettime(0x7 /* CLOCK_??? */, {11502, 730619240}) = 0
3996  09:57:32 select(7, [3 4], [], NULL, NULL) = 1 (in [4])
3996  09:57:32 clock_gettime(0x7 /* CLOCK_??? */, {11502, 932293617}) = 0
3996  09:57:32 read(4, "i", 16384)      = 1
3996  09:57:32 clock_gettime(0x7 /* CLOCK_??? */, {11502, 932455417}) = 0
3996  09:57:32 clock_gettime(0x7 /* CLOCK_??? */, {11502, 932589749}) = 0
3996  09:57:32 select(7, [3 4], [3], NULL, NULL) = 1 (out [3])
3996  09:57:32 clock_gettime(0x7 /* CLOCK_??? */, {11502, 932725317}) = 0
3996  09:57:32 write(3, "I\177\357\303;'\357'$6\265\315\240\357\316\t\302\202\36\241{\267\4\356H\234\261M\34\4\33\230"..., 36) = 36
3996  09:57:32 clock_gettime(0x7 /* CLOCK_??? */, {11502, 933037998}) = 0
3996  09:57:32 clock_gettime(0x7 /* CLOCK_??? */, {11502, 933118261}) = 0
3996  09:57:32 select(7, [3 4], [], NULL, NULL) = 1 (in [3])
3996  09:57:32 clock_gettime(0x7 /* CLOCK_??? */, {11502, 938052161}) = 0
3996  09:57:32 read(3, "\177\362O\312Fd\240\240j\300E\\\250\7J\0\35\16\311\315\315jPA\3A\233S\324\177\253\220"..., 8192) = 36
3996  09:57:32 clock_gettime(0x7 /* CLOCK_??? */, {11502, 938152377}) = 0
3996  09:57:32 clock_gettime(0x7 /* CLOCK_??? */, {11502, 938171349}) = 0
3996  09:57:32 select(7, [3 4], [5], NULL, NULL) = 1 (out [5])
3996  09:57:32 clock_gettime(0x7 /* CLOCK_??? */, {11502, 938212081}) = 0
3996  09:57:32 write(5, "i", 1)         = 1
3996  09:57:32 clock_gettime(0x7 /* CLOCK_??? */, {11502, 939276665}) = 0
3996  09:57:32 clock_gettime(0x7 /* CLOCK_??? */, {11502, 939309417}) = 0
3996  09:57:32 select(7, [3 4], [], NULL, NULL) = 1 (in [4])
3996  09:57:32 clock_gettime(0x7 /* CLOCK_??? */, {11503, 239596754}) = 0
3996  09:57:32 read(4, "t", 16384)      = 1
3996  09:57:32 clock_gettime(0x7 /* CLOCK_??? */, {11503, 239661056}) = 0
3996  09:57:32 clock_gettime(0x7 /* CLOCK_??? */, {11503, 239681984}) = 0
3996  09:57:32 select(7, [3 4], [3], NULL, NULL) = 1 (out [3])
3996  09:57:32 clock_gettime(0x7 /* CLOCK_??? */, {11503, 239730737}) = 0
3996  09:57:32 write(3, "\"\352\303{\225v\351\343\25c\260n7dC\311I\255\232\322:\267\2220?\237w.\223S\201\216"..., 36) = 36
3996  09:57:32 clock_gettime(0x7 /* CLOCK_??? */, {11503, 239875918}) = 0
3996  09:57:32 clock_gettime(0x7 /* CLOCK_??? */, {11503, 239898485}) = 0
3996  09:57:32 select(7, [3 4], [], NULL, NULL) = 1 (in [3])
3996  09:57:32 clock_gettime(0x7 /* CLOCK_??? */, {11503, 247468723}) = 0
3996  09:57:32 read(3, "!\376\237\301H\323\341\0Q\360v\307h(-\3556\314\313 \273\v^\220\273\306\331B\216i\343\32"..., 8192) = 36
3996  09:57:32 clock_gettime(0x7 /* CLOCK_??? */, {11503, 247569373}) = 0
3996  09:57:32 clock_gettime(0x7 /* CLOCK_??? */, {11503, 247602232}) = 0
3996  09:57:32 select(7, [3 4], [5], NULL, NULL) = 1 (out [5])
3996  09:57:32 clock_gettime(0x7 /* CLOCK_??? */, {11503, 247687814}) = 0
3996  09:57:32 write(5, "t", 1)         = 1
3996  09:57:32 clock_gettime(0x7 /* CLOCK_??? */, {11503, 248027948}) = 0
3996  09:57:32 clock_gettime(0x7 /* CLOCK_??? */, {11503, 248244462}) = 0
3996  09:57:32 select(7, [3 4], [], NULL, NULL) = 1 (in [4])
3996  09:57:33 clock_gettime(0x7 /* CLOCK_??? */, {11503, 957760139}) = 0
3996  09:57:33 read(4, "\r", 16384)     = 1
3996  09:57:33 clock_gettime(0x7 /* CLOCK_??? */, {11503, 957822784}) = 0
3996  09:57:33 clock_gettime(0x7 /* CLOCK_??? */, {11503, 957843491}) = 0
3996  09:57:33 select(7, [3 4], [3], NULL, NULL) = 1 (out [3])
3996  09:57:33 clock_gettime(0x7 /* CLOCK_??? */, {11503, 957907301}) = 0
3996  09:57:33 write(3, "\221KA\271\377/\327\222w\213\244\331B\276q&\273\t\374LI\346\350\231h\fzQ\226\10\277\276"..., 36) = 36
3996  09:57:33 clock_gettime(0x7 /* CLOCK_??? */, {11503, 958081760}) = 0
3996  09:57:33 clock_gettime(0x7 /* CLOCK_??? */, {11503, 958104955}) = 0
3996  09:57:33 select(7, [3 4], [], NULL, NULL) = 1 (in [3])
3996  09:57:33 clock_gettime(0x7 /* CLOCK_??? */, {11503, 964721800}) = 0
3996  09:57:33 read(3, "\331:\205LN\345\314\353\6\351\264\263\360#\221\373\211\227K\7(\200\227$O\342\5\262\315Q\255k"..., 8192) = 220
3996  09:57:33 close(4)                 = 0
3996  09:57:33 clock_gettime(0x7 /* CLOCK_??? */, {11503, 964943224}) = 0
3996  09:57:33 clock_gettime(0x7 /* CLOCK_??? */, {11503, 964970609}) = 0
3996  09:57:33 select(7, [3], [5], NULL, NULL) = 1 (out [5])
3996  09:57:33 clock_gettime(0x7 /* CLOCK_??? */, {11503, 965062772}) = 0
3996  09:57:33 write(5, "\r\n\347\231\273\345\207\272\r\n", 10) = 10
3996  09:57:33 clock_gettime(0x7 /* CLOCK_??? */, {11503, 965284564}) = 0
3996  09:57:33 clock_gettime(0x7 /* CLOCK_??? */, {11503, 965315688}) = 0
3996  09:57:33 close(5)                 = 0
3996  09:57:33 ioctl(0, SNDCTL_TMR_STOP or SNDRV_TIMER_IOCTL_GINFO or TCSETSW, {B38400 opost isig icanon echo ...}) = 0
3996  09:57:33 close(6)                 = 0
3996  09:57:33 select(7, [3], [3], NULL, NULL) = 1 (out [3])
3996  09:57:33 clock_gettime(0x7 /* CLOCK_??? */, {11503, 965667240}) = 0
3996  09:57:33 write(3, "\23\237\335\27d\223\365\204\236\307|v\313\374\275\220\346\212Q 7\236\326\2604\216\t*y\2703\345"..., 36) = 36
3996  09:57:33 rt_sigaction(SIGWINCH, NULL, {0x7f2a5ba11c80, [], SA_RESTORER, 0x7f2a5a5f7250}, 8) = 0
3996  09:57:33 rt_sigaction(SIGWINCH, {SIG_DFL, [], SA_RESTORER, 0x7f2a5a5f7250}, NULL, 8) = 0
3996  09:57:33 write(3, "1t\373\216\304p\5W\333\204\353\202\332<Y\261R\37\314C\323R+\371\360AD,\241\264\341\202"..., 60) = 60
3996  09:57:33 ioctl(0, SNDCTL_TMR_TIMEBASE or SNDRV_TIMER_IOCTL_NEXT_DEVICE or TCGETS, {B38400 opost isig icanon echo ...}) = 0
3996  09:57:33 ioctl(1, SNDCTL_TMR_TIMEBASE or SNDRV_TIMER_IOCTL_NEXT_DEVICE or TCGETS, {B38400 opost isig icanon echo ...}) = 0
3996  09:57:33 ioctl(2, SNDCTL_TMR_TIMEBASE or SNDRV_TIMER_IOCTL_NEXT_DEVICE or TCGETS, {B38400 opost isig icanon echo ...}) = 0
3996  09:57:33 write(2, "Connection to 192.168.0.107 clos"..., 37) = 37
3996  09:57:33 shutdown(3, SHUT_RDWR)   = 0
3996  09:57:33 close(3)                 = 0
3996  09:57:33 exit_group(0)            = ?
3996  09:57:33 +++ exited with 0 +++
