4014  09:57:51 read(3, "S", 1)          = 1
4014  09:57:51 read(3, "S", 1)          = 1
4014  09:57:51 read(3, "H", 1)          = 1
4014  09:57:51 read(3, "-", 1)          = 1
4014  09:57:51 read(3, "2", 1)          = 1
4014  09:57:51 read(3, ".", 1)          = 1
4014  09:57:51 read(3, "0", 1)          = 1
4014  09:57:51 read(3, "-", 1)          = 1
4014  09:57:51 read(3, "O", 1)          = 1
4014  09:57:51 read(3, "p", 1)          = 1
4014  09:57:51 read(3, "e", 1)          = 1
4014  09:57:51 read(3, "n", 1)          = 1
4014  09:57:51 read(3, "S", 1)          = 1
4014  09:57:51 read(3, "S", 1)          = 1
4014  09:57:51 read(3, "H", 1)          = 1
4014  09:57:51 read(3, "_", 1)          = 1
4014  09:57:51 read(3, "6", 1)          = 1
4014  09:57:51 read(3, ".", 1)          = 1
4014  09:57:51 read(3, "6", 1)          = 1
4014  09:57:51 read(3, ".", 1)          = 1
4014  09:57:51 read(3, "1", 1)          = 1
4014  09:57:51 read(3, "\r", 1)         = 1
4014  09:57:51 read(3, "\n", 1)         = 1
4014  09:57:51 fcntl(3, F_GETFL)        = 0x2 (flags O_RDWR)
4014  09:57:51 fcntl(3, F_SETFL, O_RDWR|O_NONBLOCK) = 0
4014  09:57:51 open("/root/.ssh/known_hosts", O_RDONLY) = 4
4014  09:57:51 fstat(4, {st_mode=S_IFREG|0644, st_size=1054, ...}) = 0
4014  09:57:51 mmap(NULL, 4096, PROT_READ|PROT_WRITE, MAP_PRIVATE|MAP_ANONYMOUS, -1, 0) = 0x7fc63aaef000
4014  09:57:51 read(4, "192.168.11.135 ecdsa-sha2-nistp2"..., 4096) = 1054
4014  09:57:51 read(4, "", 4096)        = 0
4014  09:57:51 close(4)                 = 0
4014  09:57:51 munmap(0x7fc63aaef000, 4096) = 0
4014  09:57:51 open("/root/.ssh/known_hosts2", O_RDONLY) = -1 ENOENT (No such file or directory)
4014  09:57:51 open("/usr/local/openssh/etc/ssh_known_hosts", O_RDONLY) = -1 ENOENT (No such file or directory)
4014  09:57:51 open("/usr/local/openssh/etc/ssh_known_hosts2", O_RDONLY) = -1 ENOENT (No such file or directory)
4014  09:57:51 brk(0)                   = 0x7fc63b31c000
4014  09:57:51 brk(0x7fc63b33d000)      = 0x7fc63b33d000
4014  09:57:51 write(3, "\0\0\5\224\v\24\246\371\317\222\4\343\2075\356 \332\267\243\266 \251\0\0\0010curve2"..., 1432) = 1432
4014  09:57:51 select(4, [3], NULL, NULL, NULL) = 1 (in [3])
4014  09:57:51 read(3, "\0\0\6d\n\24\223\f\275\324\352\205W\302\304\334d/u)%Q\0\0\0\324curve2"..., 8192) = 1448
4014  09:57:51 select(4, [3], NULL, NULL, NULL) = 1 (in [3])
4014  09:57:51 read(3, "com,umac-128@openssh.com,hmac-sh"..., 8192) = 192
4014  09:57:51 write(3, "\0\0\0,\6\36\0\0\0 k\356s;}\30y\331lW\376\25\311:\352\334\36B\266\363<J"..., 48) = 48
4014  09:57:51 select(4, [3], NULL, NULL, NULL) = 1 (in [3])
4014  09:57:51 read(3, "\0\0\1\4\t\37\0\0\0h\0\0\0\23ecdsa-sha2-nistp25"..., 8192) = 280
4014  09:57:51 open("/root/.ssh/known_hosts", O_RDONLY) = 4
4014  09:57:51 fstat(4, {st_mode=S_IFREG|0644, st_size=1054, ...}) = 0
4014  09:57:51 mmap(NULL, 4096, PROT_READ|PROT_WRITE, MAP_PRIVATE|MAP_ANONYMOUS, -1, 0) = 0x7fc63aaef000
4014  09:57:51 read(4, "192.168.11.135 ecdsa-sha2-nistp2"..., 4096) = 1054
4014  09:57:51 read(4, "", 4096)        = 0
4014  09:57:51 close(4)                 = 0
4014  09:57:51 munmap(0x7fc63aaef000, 4096) = 0
4014  09:57:51 open("/root/.ssh/known_hosts2", O_RDONLY) = -1 ENOENT (No such file or directory)
4014  09:57:51 open("/usr/local/openssh/etc/ssh_known_hosts", O_RDONLY) = -1 ENOENT (No such file or directory)
4014  09:57:51 open("/usr/local/openssh/etc/ssh_known_hosts2", O_RDONLY) = -1 ENOENT (No such file or directory)
4014  09:57:51 clock_gettime(0x7 /* CLOCK_??? */, {11521, 712706122}) = 0
4014  09:57:51 write(3, "\0\0\0\f\n\25\0\0\0\0\0\0\0\0\0\0", 16) = 16
4014  09:57:51 write(3, "e=u\233Qpo\37*6\377n\227\361)z\213)\177\244D\252\376\2618w0\323\350a\232\262"..., 44) = 44
4014  09:57:51 select(4, [3], NULL, NULL, NULL) = 1 (in [3])
4014  09:57:51 read(3, "\220\3\314\252\320f@j\250\243<)\262\252\314\257\3744\16%>K\214\23\320g\305{R\343\306D"..., 8192) = 44
4014  09:57:51 write(3, "\335\321,%\272\245X\2737f\241\1\2\374\373\207\34vP\237\231\266)J\254\340\200\247s\5P\330"..., 60) = 60
4014  09:57:51 select(4, [3], NULL, NULL, NULL) = 1 (in [3])
4014  09:57:51 read(3, ".\24n\277\230\362\302\263\346\320\f\355\233\251|f|D\255\267dG\372C\21\204\203\337\254\342\2["..., 8192) = 52
4014  09:57:51 stat("/root/.ssh/id_rsa", 0x7ffe7d8ce750) = -1 ENOENT (No such file or directory)
4014  09:57:51 stat("/root/.ssh/id_dsa", 0x7ffe7d8ce750) = -1 ENOENT (No such file or directory)
4014  09:57:51 stat("/root/.ssh/id_ecdsa", 0x7ffe7d8ce750) = -1 ENOENT (No such file or directory)
4014  09:57:51 stat("/root/.ssh/id_ed25519", 0x7ffe7d8ce750) = -1 ENOENT (No such file or directory)
4014  09:57:51 open("/dev/tty", O_RDWR) = 4
4014  09:57:51 close(4)                 = 0
4014  09:57:51 open("/dev/tty", O_RDWR) = 4
4014  09:57:51 ioctl(4, SNDCTL_TMR_TIMEBASE or SNDRV_TIMER_IOCTL_NEXT_DEVICE or TCGETS, {B38400 opost isig icanon echo ...}) = 0
4014  09:57:51 ioctl(4, SNDCTL_TMR_CONTINUE or SNDRV_TIMER_IOCTL_GPARAMS or TCSETSF, {B38400 opost isig icanon -echo ...}) = 0
4014  09:57:51 rt_sigaction(SIGALRM, {0x7fc63ab600d0, [], SA_RESTORER, 0x7fc6396ee250}, {SIG_DFL, [], 0}, 8) = 0
4014  09:57:51 rt_sigaction(SIGHUP, {0x7fc63ab600d0, [], SA_RESTORER, 0x7fc6396ee250}, {SIG_DFL, [], 0}, 8) = 0
4014  09:57:51 rt_sigaction(SIGINT, {0x7fc63ab600d0, [], SA_RESTORER, 0x7fc6396ee250}, {SIG_DFL, [], 0}, 8) = 0
4014  09:57:51 rt_sigaction(SIGPIPE, {0x7fc63ab600d0, [], SA_RESTORER, 0x7fc6396ee250}, {SIG_IGN, [], SA_RESTORER, 0x7fc6396ee250}, 8) = 0
4014  09:57:51 rt_sigaction(SIGQUIT, {0x7fc63ab600d0, [], SA_RESTORER, 0x7fc6396ee250}, {SIG_DFL, [], 0}, 8) = 0
4014  09:57:51 rt_sigaction(SIGTERM, {0x7fc63ab600d0, [], SA_RESTORER, 0x7fc6396ee250}, {SIG_DFL, [], 0}, 8) = 0
4014  09:57:51 rt_sigaction(SIGTSTP, {0x7fc63ab600d0, [], SA_RESTORER, 0x7fc6396ee250}, {SIG_DFL, [], 0}, 8) = 0
4014  09:57:51 rt_sigaction(SIGTTIN, {0x7fc63ab600d0, [], SA_RESTORER, 0x7fc6396ee250}, {SIG_DFL, [], 0}, 8) = 0
4014  09:57:51 rt_sigaction(SIGTTOU, {0x7fc63ab600d0, [], SA_RESTORER, 0x7fc6396ee250}, {SIG_DFL, [], 0}, 8) = 0
4014  09:57:51 write(4, "root@192.168.0.107's password: ", 31) = 31
4014  09:57:51 read(4, "1", 1)          = 1
4014  09:57:51 read(4, "2", 1)          = 1
4014  09:57:51 read(4, "3", 1)          = 1
4014  09:57:51 read(4, "4", 1)          = 1
4014  09:57:51 read(4, "5", 1)          = 1
4014  09:57:51 read(4, "6", 1)          = 1
4014  09:57:51 read(4, "\n", 1)         = 1
4014  09:57:51 write(4, "\n", 1)        = 1
4014  09:57:51 ioctl(4, SNDCTL_TMR_CONTINUE or SNDRV_TIMER_IOCTL_GPARAMS or TCSETSF, {B38400 opost isig icanon echo ...}) = 0
4014  09:57:51 rt_sigaction(SIGALRM, {SIG_DFL, [], SA_RESTORER, 0x7fc6396ee250}, NULL, 8) = 0
4014  09:57:51 rt_sigaction(SIGHUP, {SIG_DFL, [], SA_RESTORER, 0x7fc6396ee250}, NULL, 8) = 0
4014  09:57:51 rt_sigaction(SIGINT, {SIG_DFL, [], SA_RESTORER, 0x7fc6396ee250}, NULL, 8) = 0
4014  09:57:51 rt_sigaction(SIGQUIT, {SIG_DFL, [], SA_RESTORER, 0x7fc6396ee250}, NULL, 8) = 0
4014  09:57:51 rt_sigaction(SIGPIPE, {SIG_IGN, [], SA_RESTORER, 0x7fc6396ee250}, NULL, 8) = 0
4014  09:57:51 rt_sigaction(SIGTERM, {SIG_DFL, [], SA_RESTORER, 0x7fc6396ee250}, NULL, 8) = 0
4014  09:57:51 rt_sigaction(SIGTSTP, {SIG_DFL, [], SA_RESTORER, 0x7fc6396ee250}, NULL, 8) = 0
4014  09:57:51 rt_sigaction(SIGTTIN, {SIG_DFL, [], SA_RESTORER, 0x7fc6396ee250}, NULL, 8) = 0
4014  09:57:51 rt_sigaction(SIGTTOU, {SIG_DFL, [], SA_RESTORER, 0x7fc6396ee250}, NULL, 8) = 0
4014  09:57:51 close(4)                 = 0
4014  09:57:51 write(3, "~\33\2\3:\275\336\343pC\360\30\214\324lz\325\345\252\3710\335\210b\340\202\1\265\2076\31\325"..., 84) = 84
4014  09:57:51 select(4, [3], NULL, NULL, NULL) = 1 (in [3])
4014  09:57:51 read(3, "@\356J=N6\"\254~p\223\3\333\25\372\263X\212*\241\203\202_\256\241\201\211\177", 8192) = 28
4014  09:57:51 dup(0)                   = 4
4014  09:57:51 dup(1)                   = 5
4014  09:57:51 dup(2)                   = 6
4014  09:57:51 ioctl(4, SNDCTL_TMR_TIMEBASE or SNDRV_TIMER_IOCTL_NEXT_DEVICE or TCGETS, {B38400 opost isig icanon echo ...}) = 0
4014  09:57:51 ioctl(5, SNDCTL_TMR_TIMEBASE or SNDRV_TIMER_IOCTL_NEXT_DEVICE or TCGETS, {B38400 opost isig icanon echo ...}) = 0
4014  09:57:51 ioctl(6, SNDCTL_TMR_TIMEBASE or SNDRV_TIMER_IOCTL_NEXT_DEVICE or TCGETS, {B38400 opost isig icanon echo ...}) = 0
4014  09:57:51 fcntl(4, F_SETFD, FD_CLOEXEC) = 0
4014  09:57:51 fcntl(5, F_SETFD, FD_CLOEXEC) = 0
4014  09:57:51 fcntl(6, F_SETFD, FD_CLOEXEC) = 0
4014  09:57:51 rt_sigaction(SIGHUP, NULL, {SIG_DFL, [], SA_RESTORER, 0x7fc6396ee250}, 8) = 0
4014  09:57:51 rt_sigaction(SIGHUP, {SIG_IGN, [], SA_RESTORER, 0x7fc6396ee250}, NULL, 8) = 0
4014  09:57:51 rt_sigaction(SIGHUP, NULL, {SIG_IGN, [], SA_RESTORER, 0x7fc6396ee250}, 8) = 0
4014  09:57:51 rt_sigaction(SIGHUP, {0x7fc63ab089f0, [], SA_RESTORER, 0x7fc6396ee250}, NULL, 8) = 0
4014  09:57:51 rt_sigaction(SIGINT, NULL, {SIG_DFL, [], SA_RESTORER, 0x7fc6396ee250}, 8) = 0
4014  09:57:51 rt_sigaction(SIGINT, {SIG_IGN, [], SA_RESTORER, 0x7fc6396ee250}, NULL, 8) = 0
4014  09:57:51 rt_sigaction(SIGINT, NULL, {SIG_IGN, [], SA_RESTORER, 0x7fc6396ee250}, 8) = 0
4014  09:57:51 rt_sigaction(SIGINT, {0x7fc63ab089f0, [], SA_RESTORER, 0x7fc6396ee250}, NULL, 8) = 0
4014  09:57:51 rt_sigaction(SIGQUIT, NULL, {SIG_DFL, [], SA_RESTORER, 0x7fc6396ee250}, 8) = 0
4014  09:57:51 rt_sigaction(SIGQUIT, {SIG_IGN, [], SA_RESTORER, 0x7fc6396ee250}, NULL, 8) = 0
4014  09:57:51 rt_sigaction(SIGQUIT, NULL, {SIG_IGN, [], SA_RESTORER, 0x7fc6396ee250}, 8) = 0
4014  09:57:51 rt_sigaction(SIGQUIT, {0x7fc63ab089f0, [], SA_RESTORER, 0x7fc6396ee250}, NULL, 8) = 0
4014  09:57:51 rt_sigaction(SIGTERM, NULL, {SIG_DFL, [], SA_RESTORER, 0x7fc6396ee250}, 8) = 0
4014  09:57:51 rt_sigaction(SIGTERM, {SIG_IGN, [], SA_RESTORER, 0x7fc6396ee250}, NULL, 8) = 0
4014  09:57:51 rt_sigaction(SIGTERM, NULL, {SIG_IGN, [], SA_RESTORER, 0x7fc6396ee250}, 8) = 0
4014  09:57:51 rt_sigaction(SIGTERM, {0x7fc63ab089f0, [], SA_RESTORER, 0x7fc6396ee250}, NULL, 8) = 0
4014  09:57:51 rt_sigaction(SIGWINCH, NULL, {SIG_DFL, [], 0}, 8) = 0
4014  09:57:51 rt_sigaction(SIGWINCH, {0x7fc63ab08c80, [], SA_RESTORER, 0x7fc6396ee250}, NULL, 8) = 0
4014  09:57:51 ioctl(0, SNDCTL_TMR_TIMEBASE or SNDRV_TIMER_IOCTL_NEXT_DEVICE or TCGETS, {B38400 opost isig icanon echo ...}) = 0
4014  09:57:51 ioctl(0, SNDCTL_TMR_STOP or SNDRV_TIMER_IOCTL_GINFO or TCSETSW, {B38400 -opost -isig -icanon -echo ...}) = 0
4014  09:57:51 clock_gettime(0x7 /* CLOCK_??? */, {11521, 897226575}) = 0
4014  09:57:51 clock_gettime(0x7 /* CLOCK_??? */, {11521, 897251553}) = 0
4014  09:57:51 select(7, [3], [3], NULL, NULL) = 1 (out [3])
4014  09:57:51 clock_gettime(0x7 /* CLOCK_??? */, {11521, 897301235}) = 0
4014  09:57:51 write(3, "\265\333&\332\310\246\257\246\2156$\200\205\344|\20^h\1\374a\230C\16\300`\344\346\233\256\304\304"..., 112) = 112
4014  09:57:51 clock_gettime(0x7 /* CLOCK_??? */, {11521, 897462452}) = 0
4014  09:57:51 clock_gettime(0x7 /* CLOCK_??? */, {11521, 897484869}) = 0
4014  09:57:51 select(7, [3], [], NULL, NULL) = 1 (in [3])
4014  09:57:51 clock_gettime(0x7 /* CLOCK_??? */, {11522, 403153640}) = 0
4014  09:57:51 read(3, "\\T/[\rcG\237\367\235\353\353Ms\372`\274(\212\207\311\274X\32\315\351\316F\t\331Q\303"..., 8192) = 44
4014  09:57:51 getsockopt(3, SOL_TCP, TCP_NODELAY, [0], [4]) = 0
4014  09:57:51 setsockopt(3, SOL_TCP, TCP_NODELAY, [1], 4) = 0
4014  09:57:51 getsockname(3, {sa_family=AF_INET, sin_port=htons(37306), sin_addr=inet_addr("192.168.0.105")}, [16]) = 0
4014  09:57:51 setsockopt(3, SOL_IP, IP_TOS, [16], 4) = 0
4014  09:57:51 ioctl(0, TIOCGWINSZ, {ws_row=48, ws_col=165, ws_xpixel=0, ws_ypixel=0}) = 0
4014  09:57:51 clock_gettime(0x7 /* CLOCK_??? */, {11522, 403539524}) = 0
4014  09:57:51 clock_gettime(0x7 /* CLOCK_??? */, {11522, 403561512}) = 0
4014  09:57:51 select(7, [3], [3], NULL, NULL) = 1 (out [3])
4014  09:57:51 clock_gettime(0x7 /* CLOCK_??? */, {11522, 403633107}) = 0
4014  09:57:51 write(3, "\254\r_\270u%\203\373\253\257\256\246A\312(\33535\256\211\347\302\20C1\224%\20\212l\r\211"..., 376) = 376
4014  09:57:51 clock_gettime(0x7 /* CLOCK_??? */, {11522, 404239405}) = 0
4014  09:57:51 clock_gettime(0x7 /* CLOCK_??? */, {11522, 404371241}) = 0
4014  09:57:51 select(7, [3], [], NULL, NULL) = 1 (in [3])
4014  09:57:51 clock_gettime(0x7 /* CLOCK_??? */, {11522, 424324546}) = 0
4014  09:57:51 read(3, "t\257\350\354\325\272\231\350\206\375\217\7\317n\251\377\206\351c\2321\255Z)\30~\225>\333\177\344g"..., 8192) = 108
4014  09:57:51 clock_gettime(0x7 /* CLOCK_??? */, {11522, 424444174}) = 0
4014  09:57:51 clock_gettime(0x7 /* CLOCK_??? */, {11522, 424476990}) = 0
4014  09:57:51 select(7, [3 4], [], NULL, NULL) = 1 (in [3])
4014  09:57:51 clock_gettime(0x7 /* CLOCK_??? */, {11522, 437518412}) = 0
4014  09:57:51 read(3, "\330\231\205\271K\356f\347\23\26\210\255\325Y\21`\250\37\202\327\v\24\20\220\26\17\311f&\220m\356"..., 8192) = 92
4014  09:57:51 clock_gettime(0x7 /* CLOCK_??? */, {11522, 437845549}) = 0
4014  09:57:51 clock_gettime(0x7 /* CLOCK_??? */, {11522, 437881825}) = 0
4014  09:57:51 select(7, [3 4], [5], NULL, NULL) = 1 (out [5])
4014  09:57:51 clock_gettime(0x7 /* CLOCK_??? */, {11522, 438012498}) = 0
4014  09:57:51 write(5, "Last login: Sat Aug 12 17:57:28 "..., 58) = 58
4014  09:57:51 clock_gettime(0x7 /* CLOCK_??? */, {11522, 438435648}) = 0
4014  09:57:51 clock_gettime(0x7 /* CLOCK_??? */, {11522, 438526395}) = 0
4014  09:57:51 select(7, [3 4], [], NULL, NULL) = 1 (in [3])
4014  09:57:51 clock_gettime(0x7 /* CLOCK_??? */, {11522, 492603504}) = 0
4014  09:57:51 read(3, "\373\310J\236:\263\361\327\331J<vT_\310\355\nB\224\361\374\214\302\366%i\317\355Q3\277M"..., 8192) = 76
4014  09:57:51 clock_gettime(0x7 /* CLOCK_??? */, {11522, 492662815}) = 0
4014  09:57:51 clock_gettime(0x7 /* CLOCK_??? */, {11522, 492677429}) = 0
4014  09:57:51 select(7, [3 4], [5], NULL, NULL) = 1 (out [5])
4014  09:57:51 clock_gettime(0x7 /* CLOCK_??? */, {11522, 492712849}) = 0
4014  09:57:51 write(5, "\33]0;root@proxy:~\7\33[?1034h[root@p"..., 41) = 41
4014  09:57:51 clock_gettime(0x7 /* CLOCK_??? */, {11522, 493073108}) = 0
4014  09:57:51 clock_gettime(0x7 /* CLOCK_??? */, {11522, 493099547}) = 0
4014  09:57:51 select(7, [3 4], [], NULL, NULL) = 1 (in [4])
4014  09:57:53 clock_gettime(0x7 /* CLOCK_??? */, {11523, 571555689}) = 0
4014  09:57:53 read(4, "e", 16384)      = 1
4014  09:57:53 clock_gettime(0x7 /* CLOCK_??? */, {11523, 571614274}) = 0
4014  09:57:53 clock_gettime(0x7 /* CLOCK_??? */, {11523, 571631055}) = 0
4014  09:57:53 select(7, [3 4], [3], NULL, NULL) = 1 (out [3])
4014  09:57:53 clock_gettime(0x7 /* CLOCK_??? */, {11523, 571670192}) = 0
4014  09:57:53 write(3, "\207\7\244\263\3350\273_]\354V\236\263\311\330\32W=k\325\213\246\266\f\312\327\220\5\2229W!"..., 36) = 36
4014  09:57:53 clock_gettime(0x7 /* CLOCK_??? */, {11523, 571788253}) = 0
4014  09:57:53 clock_gettime(0x7 /* CLOCK_??? */, {11523, 571805967}) = 0
4014  09:57:53 select(7, [3 4], [], NULL, NULL) = 1 (in [3])
4014  09:57:53 clock_gettime(0x7 /* CLOCK_??? */, {11523, 578209810}) = 0
4014  09:57:53 read(3, "\220\345\27*\25n\226\345\36\370?\240\336\334\342\275\212\21o1R\327\375$\321\204W\32\265\254\273C"..., 8192) = 36
4014  09:57:53 clock_gettime(0x7 /* CLOCK_??? */, {11523, 578280709}) = 0
4014  09:57:53 clock_gettime(0x7 /* CLOCK_??? */, {11523, 578301647}) = 0
4014  09:57:53 select(7, [3 4], [5], NULL, NULL) = 1 (out [5])
4014  09:57:53 clock_gettime(0x7 /* CLOCK_??? */, {11523, 578353353}) = 0
4014  09:57:53 write(5, "e", 1)         = 1
4014  09:57:53 clock_gettime(0x7 /* CLOCK_??? */, {11523, 578757759}) = 0
4014  09:57:53 clock_gettime(0x7 /* CLOCK_??? */, {11523, 578786214}) = 0
4014  09:57:53 select(7, [3 4], [], NULL, NULL) = 1 (in [4])
4014  09:57:53 clock_gettime(0x7 /* CLOCK_??? */, {11523, 887477984}) = 0
4014  09:57:53 read(4, "x", 16384)      = 1
4014  09:57:53 clock_gettime(0x7 /* CLOCK_??? */, {11523, 887537727}) = 0
4014  09:57:53 clock_gettime(0x7 /* CLOCK_??? */, {11523, 887557610}) = 0
4014  09:57:53 select(7, [3 4], [3], NULL, NULL) = 1 (out [3])
4014  09:57:53 clock_gettime(0x7 /* CLOCK_??? */, {11523, 887603777}) = 0
4014  09:57:53 write(3, "\346\316\25\204\254\2604\356{\263\0\342S5\306\350\27\341n\302\315\234\233iB^6\245\372\241f\21"..., 36) = 36
4014  09:57:53 clock_gettime(0x7 /* CLOCK_??? */, {11523, 887736483}) = 0
4014  09:57:53 clock_gettime(0x7 /* CLOCK_??? */, {11523, 887771773}) = 0
4014  09:57:53 select(7, [3 4], [], NULL, NULL) = 1 (in [3])
4014  09:57:53 clock_gettime(0x7 /* CLOCK_??? */, {11523, 897682162}) = 0
4014  09:57:53 read(3, "i\307\362\201\256\f\236cz]z\305\230w\23\337\261\317\\\330\363\236`\235T\221-\216\224\366\341 "..., 8192) = 36
4014  09:57:53 clock_gettime(0x7 /* CLOCK_??? */, {11523, 897779254}) = 0
4014  09:57:53 clock_gettime(0x7 /* CLOCK_??? */, {11523, 897811190}) = 0
4014  09:57:53 select(7, [3 4], [5], NULL, NULL) = 1 (out [5])
4014  09:57:53 clock_gettime(0x7 /* CLOCK_??? */, {11523, 897887406}) = 0
4014  09:57:53 write(5, "x", 1)         = 1
4014  09:57:53 clock_gettime(0x7 /* CLOCK_??? */, {11523, 898225421}) = 0
4014  09:57:53 clock_gettime(0x7 /* CLOCK_??? */, {11523, 898257238}) = 0
4014  09:57:53 select(7, [3 4], [], NULL, NULL) = 1 (in [4])
4014  09:57:53 clock_gettime(0x7 /* CLOCK_??? */, {11524, 62458215}) = 0
4014  09:57:53 read(4, "i", 16384)      = 1
4014  09:57:53 clock_gettime(0x7 /* CLOCK_??? */, {11524, 62518661}) = 0
4014  09:57:53 clock_gettime(0x7 /* CLOCK_??? */, {11524, 62538502}) = 0
4014  09:57:53 select(7, [3 4], [3], NULL, NULL) = 1 (out [3])
4014  09:57:53 clock_gettime(0x7 /* CLOCK_??? */, {11524, 62584700}) = 0
4014  09:57:53 write(3, "9`\2709]$\347.\350\3634\217\250\240\342\350[\223\216\vBI\16\253\7\32\4\252K\366\352#"..., 36) = 36
4014  09:57:53 clock_gettime(0x7 /* CLOCK_??? */, {11524, 62721417}) = 0
4014  09:57:53 clock_gettime(0x7 /* CLOCK_??? */, {11524, 62742665}) = 0
4014  09:57:53 select(7, [3 4], [], NULL, NULL) = 1 (in [3])
4014  09:57:53 clock_gettime(0x7 /* CLOCK_??? */, {11524, 74649303}) = 0
4014  09:57:53 read(3, "WS\320\21\201GE)Bl\27\317\314j\225\213\351\32\2468\331\7\3621\206E\30\322O\260\366F"..., 8192) = 36
4014  09:57:53 clock_gettime(0x7 /* CLOCK_??? */, {11524, 74748271}) = 0
4014  09:57:53 clock_gettime(0x7 /* CLOCK_??? */, {11524, 74779625}) = 0
4014  09:57:53 select(7, [3 4], [5], NULL, NULL) = 1 (out [5])
4014  09:57:53 clock_gettime(0x7 /* CLOCK_??? */, {11524, 74859838}) = 0
4014  09:57:53 write(5, "i", 1)         = 1
4014  09:57:53 clock_gettime(0x7 /* CLOCK_??? */, {11524, 75209864}) = 0
4014  09:57:53 clock_gettime(0x7 /* CLOCK_??? */, {11524, 75242441}) = 0
4014  09:57:53 select(7, [3 4], [], NULL, NULL) = 1 (in [4])
4014  09:57:53 clock_gettime(0x7 /* CLOCK_??? */, {11524, 341087280}) = 0
4014  09:57:53 read(4, "t", 16384)      = 1
4014  09:57:53 clock_gettime(0x7 /* CLOCK_??? */, {11524, 341137409}) = 0
4014  09:57:53 clock_gettime(0x7 /* CLOCK_??? */, {11524, 341153153}) = 0
4014  09:57:53 select(7, [3 4], [3], NULL, NULL) = 1 (out [3])
4014  09:57:53 clock_gettime(0x7 /* CLOCK_??? */, {11524, 341190103}) = 0
4014  09:57:53 write(3, "\305\27?\216\264\37\354\367\0]\\5\26+.\f\0032\253\205a\0230=,\276jd\24\304-\304"..., 36) = 36
4014  09:57:53 clock_gettime(0x7 /* CLOCK_??? */, {11524, 341301456}) = 0
4014  09:57:53 clock_gettime(0x7 /* CLOCK_??? */, {11524, 341318559}) = 0
4014  09:57:53 select(7, [3 4], [], NULL, NULL) = 1 (in [3])
4014  09:57:53 clock_gettime(0x7 /* CLOCK_??? */, {11524, 345351012}) = 0
4014  09:57:53 read(3, "DA\376\0259\320}\364m\20\3\361\322\304\2058\3231Zl\316\276{.)\235\21J\373\245o\331"..., 8192) = 36
4014  09:57:53 clock_gettime(0x7 /* CLOCK_??? */, {11524, 345409174}) = 0
4014  09:57:53 clock_gettime(0x7 /* CLOCK_??? */, {11524, 345425916}) = 0
4014  09:57:53 select(7, [3 4], [5], NULL, NULL) = 1 (out [5])
4014  09:57:53 clock_gettime(0x7 /* CLOCK_??? */, {11524, 345465552}) = 0
4014  09:57:53 write(5, "t", 1)         = 1
4014  09:57:53 clock_gettime(0x7 /* CLOCK_??? */, {11524, 346091973}) = 0
4014  09:57:53 clock_gettime(0x7 /* CLOCK_??? */, {11524, 346145523}) = 0
4014  09:57:53 select(7, [3 4], [], NULL, NULL) = 1 (in [4])
4014  09:57:54 clock_gettime(0x7 /* CLOCK_??? */, {11524, 839185637}) = 0
4014  09:57:54 read(4, "\r", 16384)     = 1
4014  09:57:54 clock_gettime(0x7 /* CLOCK_??? */, {11524, 839247293}) = 0
4014  09:57:54 clock_gettime(0x7 /* CLOCK_??? */, {11524, 839267442}) = 0
4014  09:57:54 select(7, [3 4], [3], NULL, NULL) = 1 (out [3])
4014  09:57:54 clock_gettime(0x7 /* CLOCK_??? */, {11524, 839330353}) = 0
4014  09:57:54 write(3, "|b\272\361\262D\5\301\2068\353\214\301\225\6\356\337\0240\231\241\253O\364\4\34\347\31\342\233>4"..., 36) = 36
4014  09:57:54 clock_gettime(0x7 /* CLOCK_??? */, {11524, 839483045}) = 0
4014  09:57:54 clock_gettime(0x7 /* CLOCK_??? */, {11524, 839505196}) = 0
4014  09:57:54 select(7, [3 4], [], NULL, NULL) = 1 (in [3])
4014  09:57:54 clock_gettime(0x7 /* CLOCK_??? */, {11524, 845341059}) = 0
4014  09:57:54 read(3, "\254\243\305\222 \301\376\223\1\363\35\376\23\356\366\2\235\3\323Ha\322\251\230\205\223\276.\371\221RM"..., 8192) = 148
4014  09:57:54 close(4)                 = 0
4014  09:57:54 clock_gettime(0x7 /* CLOCK_??? */, {11524, 845734254}) = 0
4014  09:57:54 clock_gettime(0x7 /* CLOCK_??? */, {11524, 845775429}) = 0
4014  09:57:54 select(7, [3], [5], NULL, NULL) = 2 (in [3], out [5])
4014  09:57:54 clock_gettime(0x7 /* CLOCK_??? */, {11524, 845850827}) = 0
4014  09:57:54 write(5, "\r\n\347\231\273\345\207\272\r\n", 10) = 10
4014  09:57:54 read(3, "\226\240\201\220\375h\277\312\315\253\226*S\226\f\21\257\300\202\364\355N\274\264\235>\342\334\371ag."..., 8192) = 72
4014  09:57:54 close(5)                 = 0
4014  09:57:54 clock_gettime(0x7 /* CLOCK_??? */, {11524, 846372207}) = 0
4014  09:57:54 clock_gettime(0x7 /* CLOCK_??? */, {11524, 846402946}) = 0
4014  09:57:54 ioctl(0, SNDCTL_TMR_STOP or SNDRV_TIMER_IOCTL_GINFO or TCSETSW, {B38400 opost isig icanon echo ...}) = 0
4014  09:57:54 close(6)                 = 0
4014  09:57:54 select(7, [3], [3], NULL, NULL) = 1 (out [3])
4014  09:57:54 clock_gettime(0x7 /* CLOCK_??? */, {11524, 846609888}) = 0
4014  09:57:54 write(3, "q\4U\215\17G\370\375z\257p\343=\\o\232\210k}\3\376\16f\227\360G\275@V\341 \363"..., 36) = 36
4014  09:57:54 rt_sigaction(SIGWINCH, NULL, {0x7fc63ab08c80, [], SA_RESTORER, 0x7fc6396ee250}, 8) = 0
4014  09:57:54 rt_sigaction(SIGWINCH, {SIG_DFL, [], SA_RESTORER, 0x7fc6396ee250}, NULL, 8) = 0
4014  09:57:54 write(3, "\21\335\343P\323\327\365/\345\316\273\314\242\262\331\307\33\366u\201\216\206\262\355VS\274\347P\6\231x"..., 60) = 60
4014  09:57:54 ioctl(0, SNDCTL_TMR_TIMEBASE or SNDRV_TIMER_IOCTL_NEXT_DEVICE or TCGETS, {B38400 opost isig icanon echo ...}) = 0
4014  09:57:54 ioctl(1, SNDCTL_TMR_TIMEBASE or SNDRV_TIMER_IOCTL_NEXT_DEVICE or TCGETS, {B38400 opost isig icanon echo ...}) = 0
4014  09:57:54 ioctl(2, SNDCTL_TMR_TIMEBASE or SNDRV_TIMER_IOCTL_NEXT_DEVICE or TCGETS, {B38400 opost isig icanon echo ...}) = 0
4014  09:57:54 write(2, "Connection to 192.168.0.107 clos"..., 37) = 37
4014  09:57:54 shutdown(3, SHUT_RDWR)   = 0
4014  09:57:54 close(3)                 = 0
4014  09:57:54 exit_group(0)            = ?
4014  09:57:54 +++ exited with 0 +++
