2791  03:02:01 read(3, "S", 1)          = 1
2791  03:02:01 read(3, "S", 1)          = 1
2791  03:02:01 read(3, "H", 1)          = 1
2791  03:02:01 read(3, "-", 1)          = 1
2791  03:02:01 read(3, "2", 1)          = 1
2791  03:02:01 read(3, ".", 1)          = 1
2791  03:02:01 read(3, "0", 1)          = 1
2791  03:02:01 read(3, "-", 1)          = 1
2791  03:02:01 read(3, "O", 1)          = 1
2791  03:02:01 read(3, "p", 1)          = 1
2791  03:02:01 read(3, "e", 1)          = 1
2791  03:02:01 read(3, "n", 1)          = 1
2791  03:02:01 read(3, "S", 1)          = 1
2791  03:02:01 read(3, "S", 1)          = 1
2791  03:02:01 read(3, "H", 1)          = 1
2791  03:02:01 read(3, "_", 1)          = 1
2791  03:02:01 read(3, "6", 1)          = 1
2791  03:02:01 read(3, ".", 1)          = 1
2791  03:02:01 read(3, "6", 1)          = 1
2791  03:02:01 read(3, ".", 1)          = 1
2791  03:02:01 read(3, "1", 1)          = 1
2791  03:02:01 read(3, "p", 1)          = 1
2791  03:02:01 read(3, "1", 1)          = 1
2791  03:02:01 read(3, " ", 1)          = 1
2791  03:02:01 read(3, "U", 1)          = 1
2791  03:02:01 read(3, "b", 1)          = 1
2791  03:02:01 read(3, "u", 1)          = 1
2791  03:02:01 read(3, "n", 1)          = 1
2791  03:02:01 read(3, "t", 1)          = 1
2791  03:02:01 read(3, "u", 1)          = 1
2791  03:02:01 read(3, "-", 1)          = 1
2791  03:02:01 read(3, "2", 1)          = 1
2791  03:02:01 read(3, "u", 1)          = 1
2791  03:02:01 read(3, "b", 1)          = 1
2791  03:02:01 read(3, "u", 1)          = 1
2791  03:02:01 read(3, "n", 1)          = 1
2791  03:02:01 read(3, "t", 1)          = 1
2791  03:02:01 read(3, "u", 1)          = 1
2791  03:02:01 read(3, "2", 1)          = 1
2791  03:02:01 read(3, ".", 1)          = 1
2791  03:02:01 read(3, "8", 1)          = 1
2791  03:02:01 read(3, "\r", 1)         = 1
2791  03:02:01 read(3, "\n", 1)         = 1
2791  03:02:01 fcntl(3, F_GETFL)        = 0x2 (flags O_RDWR)
2791  03:02:01 fcntl(3, F_SETFL, O_RDWR|O_NONBLOCK) = 0
2791  03:02:01 open("/root/.ssh/known_hosts", O_RDONLY) = 4
2791  03:02:01 fstat(4, {st_mode=S_IFREG|0644, st_size=1054, ...}) = 0
2791  03:02:01 mmap(NULL, 4096, PROT_READ|PROT_WRITE, MAP_PRIVATE|MAP_ANONYMOUS, -1, 0) = 0x7f449dede000
2791  03:02:01 read(4, "192.168.11.135 ecdsa-sha2-nistp2"..., 4096) = 1054
2791  03:02:01 read(4, "", 4096)        = 0
2791  03:02:01 close(4)                 = 0
2791  03:02:01 munmap(0x7f449dede000, 4096) = 0
2791  03:02:01 open("/root/.ssh/known_hosts2", O_RDONLY) = -1 ENOENT (No such file or directory)
2791  03:02:01 open("/usr/local/openssh/etc/ssh_known_hosts", O_RDONLY) = -1 ENOENT (No such file or directory)
2791  03:02:01 open("/usr/local/openssh/etc/ssh_known_hosts2", O_RDONLY) = -1 ENOENT (No such file or directory)
2791  03:02:01 write(3, "\0\0\5\224\v\24\366\260\334q\262\262L\2001\316Pxz\340h\260\0\0\0010curve2"..., 1432) = 1432
2791  03:02:01 select(4, [3], NULL, NULL, NULL) = 1 (in [3])
2791  03:02:01 read(3, "\0\0\6l\n\24N\327i=\304\245\24\373u\314\2\26\354=\261\246\0\0\0\324curve2"..., 8192) = 1648
2791  03:02:01 brk(0)                   = 0x7f449f724000
2791  03:02:01 brk(0x7f449f745000)      = 0x7f449f745000
2791  03:02:01 write(3, "\0\0\0,\6\36\0\0\0 \351\300\v\n\202\252e\r\327\232H\243`(}d\1q\224,jp"..., 48) = 48
2791  03:02:01 select(4, [3], NULL, NULL, NULL) = 1 (in [3])
2791  03:02:01 read(3, "\0\0\1\4\t\37\0\0\0h\0\0\0\23ecdsa-sha2-nistp25"..., 8192) = 280
2791  03:02:01 open("/root/.ssh/known_hosts", O_RDONLY) = 4
2791  03:02:01 fstat(4, {st_mode=S_IFREG|0644, st_size=1054, ...}) = 0
2791  03:02:01 mmap(NULL, 4096, PROT_READ|PROT_WRITE, MAP_PRIVATE|MAP_ANONYMOUS, -1, 0) = 0x7f449dede000
2791  03:02:01 read(4, "192.168.11.135 ecdsa-sha2-nistp2"..., 4096) = 1054
2791  03:02:01 read(4, "", 4096)        = 0
2791  03:02:01 close(4)                 = 0
2791  03:02:01 munmap(0x7f449dede000, 4096) = 0
2791  03:02:01 open("/root/.ssh/known_hosts2", O_RDONLY) = -1 ENOENT (No such file or directory)
2791  03:02:01 open("/usr/local/openssh/etc/ssh_known_hosts", O_RDONLY) = -1 ENOENT (No such file or directory)
2791  03:02:01 open("/usr/local/openssh/etc/ssh_known_hosts2", O_RDONLY) = -1 ENOENT (No such file or directory)
2791  03:02:01 open("/root/.ssh/known_hosts", O_WRONLY|O_CREAT|O_APPEND, 0666) = 4
2791  03:02:01 lseek(4, 0, SEEK_END)    = 1054
2791  03:02:01 fstat(4, {st_mode=S_IFREG|0644, st_size=1054, ...}) = 0
2791  03:02:01 mmap(NULL, 4096, PROT_READ|PROT_WRITE, MAP_PRIVATE|MAP_ANONYMOUS, -1, 0) = 0x7f449dede000
2791  03:02:01 write(4, "192.168.11.61 ecdsa-sha2-nistp25"..., 175) = 175
2791  03:02:01 close(4)                 = 0
2791  03:02:01 munmap(0x7f449dede000, 4096) = 0
2791  03:02:01 write(2, "Warning: Permanently added '192."..., 80) = 80
2791  03:02:01 clock_gettime(0x7 /* CLOCK_??? */, {3057, 150908972}) = 0
2791  03:02:01 write(3, "\0\0\0\f\n\25\0\0\0\0\0\0\0\0\0\0", 16) = 16
2791  03:02:01 write(3, "\357?\332\321\261\231%\201\340@\355\365I'\256\205d\321\260H\264\222'J\345Igo\302\247z\320"..., 44) = 44
2791  03:02:01 select(4, [3], NULL, NULL, NULL) = 1 (in [3])
2791  03:02:01 read(3, "`\24\251\243\354\344\200\356\306\225\30\365\347\253\372?+\336f\242\33\263\323\353\215\1\34\273D\310g/"..., 8192) = 44
2791  03:02:01 write(3, ";HV\323\250\242\234\264\220=\214>\266}\350\n\317\357\257\243\3006`\261\200\v\6\277\215\216\267\307"..., 60) = 60
2791  03:02:01 select(4, [3], NULL, NULL, NULL) = 1 (in [3])
2791  03:02:06 read(3, "O%PPZ\233\352\322Wr\33\202\244\237\261\236\321bV\352\34+\251\";^!F@\374\316O"..., 8192) = 52
2791  03:02:06 stat("/root/.ssh/id_rsa", 0x7ffc6b26f840) = -1 ENOENT (No such file or directory)
2791  03:02:06 stat("/root/.ssh/id_dsa", 0x7ffc6b26f840) = -1 ENOENT (No such file or directory)
2791  03:02:06 stat("/root/.ssh/id_ecdsa", 0x7ffc6b26f840) = -1 ENOENT (No such file or directory)
2791  03:02:06 stat("/root/.ssh/id_ed25519", 0x7ffc6b26f840) = -1 ENOENT (No such file or directory)
2791  03:02:06 open("/dev/tty", O_RDWR) = 4
2791  03:02:06 close(4)                 = 0
2791  03:02:06 open("/dev/tty", O_RDWR) = 4
2791  03:02:06 ioctl(4, SNDCTL_TMR_TIMEBASE or SNDRV_TIMER_IOCTL_NEXT_DEVICE or TCGETS, {B38400 opost isig icanon echo ...}) = 0
2791  03:02:06 ioctl(4, SNDCTL_TMR_CONTINUE or SNDRV_TIMER_IOCTL_GPARAMS or TCSETSF, {B38400 opost isig icanon -echo ...}) = 0
2791  03:02:06 rt_sigaction(SIGALRM, {0x7f449df4f0d0, [], SA_RESTORER, 0x7f449cadd250}, {SIG_DFL, [], 0}, 8) = 0
2791  03:02:06 rt_sigaction(SIGHUP, {0x7f449df4f0d0, [], SA_RESTORER, 0x7f449cadd250}, {SIG_DFL, [], 0}, 8) = 0
2791  03:02:06 rt_sigaction(SIGINT, {0x7f449df4f0d0, [], SA_RESTORER, 0x7f449cadd250}, {SIG_DFL, [], 0}, 8) = 0
2791  03:02:06 rt_sigaction(SIGPIPE, {0x7f449df4f0d0, [], SA_RESTORER, 0x7f449cadd250}, {SIG_IGN, [], SA_RESTORER, 0x7f449cadd250}, 8) = 0
2791  03:02:06 rt_sigaction(SIGQUIT, {0x7f449df4f0d0, [], SA_RESTORER, 0x7f449cadd250}, {SIG_DFL, [], 0}, 8) = 0
2791  03:02:06 rt_sigaction(SIGTERM, {0x7f449df4f0d0, [], SA_RESTORER, 0x7f449cadd250}, {SIG_DFL, [], 0}, 8) = 0
2791  03:02:06 rt_sigaction(SIGTSTP, {0x7f449df4f0d0, [], SA_RESTORER, 0x7f449cadd250}, {SIG_DFL, [], 0}, 8) = 0
2791  03:02:06 rt_sigaction(SIGTTIN, {0x7f449df4f0d0, [], SA_RESTORER, 0x7f449cadd250}, {SIG_DFL, [], 0}, 8) = 0
2791  03:02:06 rt_sigaction(SIGTTOU, {0x7f449df4f0d0, [], SA_RESTORER, 0x7f449cadd250}, {SIG_DFL, [], 0}, 8) = 0
2791  03:02:06 write(4, "root@192.168.11.61's password: ", 31) = 31
2791  03:02:06 read(4, "r", 1)          = 1
2791  03:02:06 read(4, "0", 1)          = 1
2791  03:02:06 read(4, "0", 1)          = 1
2791  03:02:06 read(4, "t", 1)          = 1
2791  03:02:06 read(4, "m", 1)          = 1
2791  03:02:06 read(4, "e", 1)          = 1
2791  03:02:06 read(4, "\n", 1)         = 1
2791  03:02:06 write(4, "\n", 1)        = 1
2791  03:02:06 ioctl(4, SNDCTL_TMR_CONTINUE or SNDRV_TIMER_IOCTL_GPARAMS or TCSETSF, {B38400 opost isig icanon echo ...}) = 0
2791  03:02:06 rt_sigaction(SIGALRM, {SIG_DFL, [], SA_RESTORER, 0x7f449cadd250}, NULL, 8) = 0
2791  03:02:06 rt_sigaction(SIGHUP, {SIG_DFL, [], SA_RESTORER, 0x7f449cadd250}, NULL, 8) = 0
2791  03:02:06 rt_sigaction(SIGINT, {SIG_DFL, [], SA_RESTORER, 0x7f449cadd250}, NULL, 8) = 0
2791  03:02:06 rt_sigaction(SIGQUIT, {SIG_DFL, [], SA_RESTORER, 0x7f449cadd250}, NULL, 8) = 0
2791  03:02:06 rt_sigaction(SIGPIPE, {SIG_IGN, [], SA_RESTORER, 0x7f449cadd250}, NULL, 8) = 0
2791  03:02:06 rt_sigaction(SIGTERM, {SIG_DFL, [], SA_RESTORER, 0x7f449cadd250}, NULL, 8) = 0
2791  03:02:06 rt_sigaction(SIGTSTP, {SIG_DFL, [], SA_RESTORER, 0x7f449cadd250}, NULL, 8) = 0
2791  03:02:06 rt_sigaction(SIGTTIN, {SIG_DFL, [], SA_RESTORER, 0x7f449cadd250}, NULL, 8) = 0
2791  03:02:06 rt_sigaction(SIGTTOU, {SIG_DFL, [], SA_RESTORER, 0x7f449cadd250}, NULL, 8) = 0
2791  03:02:06 close(4)                 = 0
2791  03:02:06 write(3, "\256\331|\27\304\324\311K\372\243\320\223\300\2731\304\3643?\305\217\346A\302\23\240\324u7\364\332Q"..., 84) = 84
2791  03:02:06 select(4, [3], NULL, NULL, NULL) = 1 (in [3])
2791  03:02:06 read(3, "\330K\20\30\253OX3s\376\371bJx\223{ \250V\200\273Iv\22\352U\0\27", 8192) = 28
2791  03:02:06 dup(0)                   = 4
2791  03:02:06 dup(1)                   = 5
2791  03:02:06 dup(2)                   = 6
2791  03:02:06 ioctl(4, SNDCTL_TMR_TIMEBASE or SNDRV_TIMER_IOCTL_NEXT_DEVICE or TCGETS, {B38400 opost isig icanon echo ...}) = 0
2791  03:02:06 ioctl(5, SNDCTL_TMR_TIMEBASE or SNDRV_TIMER_IOCTL_NEXT_DEVICE or TCGETS, {B38400 opost isig icanon echo ...}) = 0
2791  03:02:06 ioctl(6, SNDCTL_TMR_TIMEBASE or SNDRV_TIMER_IOCTL_NEXT_DEVICE or TCGETS, {B38400 opost isig icanon echo ...}) = 0
2791  03:02:06 fcntl(4, F_SETFD, FD_CLOEXEC) = 0
2791  03:02:06 fcntl(5, F_SETFD, FD_CLOEXEC) = 0
2791  03:02:06 fcntl(6, F_SETFD, FD_CLOEXEC) = 0
2791  03:02:06 rt_sigaction(SIGHUP, NULL, {SIG_DFL, [], SA_RESTORER, 0x7f449cadd250}, 8) = 0
2791  03:02:06 rt_sigaction(SIGHUP, {SIG_IGN, [], SA_RESTORER, 0x7f449cadd250}, NULL, 8) = 0
2791  03:02:06 rt_sigaction(SIGHUP, NULL, {SIG_IGN, [], SA_RESTORER, 0x7f449cadd250}, 8) = 0
2791  03:02:06 rt_sigaction(SIGHUP, {0x7f449def79f0, [], SA_RESTORER, 0x7f449cadd250}, NULL, 8) = 0
2791  03:02:06 rt_sigaction(SIGINT, NULL, {SIG_DFL, [], SA_RESTORER, 0x7f449cadd250}, 8) = 0
2791  03:02:06 rt_sigaction(SIGINT, {SIG_IGN, [], SA_RESTORER, 0x7f449cadd250}, NULL, 8) = 0
2791  03:02:06 rt_sigaction(SIGINT, NULL, {SIG_IGN, [], SA_RESTORER, 0x7f449cadd250}, 8) = 0
2791  03:02:06 rt_sigaction(SIGINT, {0x7f449def79f0, [], SA_RESTORER, 0x7f449cadd250}, NULL, 8) = 0
2791  03:02:06 rt_sigaction(SIGQUIT, NULL, {SIG_DFL, [], SA_RESTORER, 0x7f449cadd250}, 8) = 0
2791  03:02:06 rt_sigaction(SIGQUIT, {SIG_IGN, [], SA_RESTORER, 0x7f449cadd250}, NULL, 8) = 0
2791  03:02:06 rt_sigaction(SIGQUIT, NULL, {SIG_IGN, [], SA_RESTORER, 0x7f449cadd250}, 8) = 0
2791  03:02:06 rt_sigaction(SIGQUIT, {0x7f449def79f0, [], SA_RESTORER, 0x7f449cadd250}, NULL, 8) = 0
2791  03:02:06 rt_sigaction(SIGTERM, NULL, {SIG_DFL, [], SA_RESTORER, 0x7f449cadd250}, 8) = 0
2791  03:02:06 rt_sigaction(SIGTERM, {SIG_IGN, [], SA_RESTORER, 0x7f449cadd250}, NULL, 8) = 0
2791  03:02:06 rt_sigaction(SIGTERM, NULL, {SIG_IGN, [], SA_RESTORER, 0x7f449cadd250}, 8) = 0
2791  03:02:06 rt_sigaction(SIGTERM, {0x7f449def79f0, [], SA_RESTORER, 0x7f449cadd250}, NULL, 8) = 0
2791  03:02:06 rt_sigaction(SIGWINCH, NULL, {SIG_DFL, [], 0}, 8) = 0
2791  03:02:06 rt_sigaction(SIGWINCH, {0x7f449def7c80, [], SA_RESTORER, 0x7f449cadd250}, NULL, 8) = 0
2791  03:02:06 ioctl(0, SNDCTL_TMR_TIMEBASE or SNDRV_TIMER_IOCTL_NEXT_DEVICE or TCGETS, {B38400 opost isig icanon echo ...}) = 0
2791  03:02:06 ioctl(0, SNDCTL_TMR_STOP or SNDRV_TIMER_IOCTL_GINFO or TCSETSW, {B38400 -opost -isig -icanon -echo ...}) = 0
2791  03:02:06 clock_gettime(0x7 /* CLOCK_??? */, {3062, 541938268}) = 0
2791  03:02:06 clock_gettime(0x7 /* CLOCK_??? */, {3062, 542007037}) = 0
2791  03:02:06 select(7, [3], [3], NULL, NULL) = 1 (out [3])
2791  03:02:06 clock_gettime(0x7 /* CLOCK_??? */, {3062, 542085465}) = 0
2791  03:02:06 write(3, "'\334;\316n\7\250\272\331\220#\230\346\34\320\7\341\370z\227`ryE\255\216f\253Q\2736\231"..., 112) = 112
2791  03:02:06 clock_gettime(0x7 /* CLOCK_??? */, {3062, 542297430}) = 0
2791  03:02:06 clock_gettime(0x7 /* CLOCK_??? */, {3062, 542320835}) = 0
2791  03:02:06 select(7, [3], [], NULL, NULL) = 1 (in [3])
2791  03:02:06 clock_gettime(0x7 /* CLOCK_??? */, {3062, 592455753}) = 0
2791  03:02:06 read(3, "o9!\274M!\261\322\374\233j\220_\235.a-;k\"\3672\226\\\362o\325}\220\264\0011"..., 8192) = 44
2791  03:02:06 getsockopt(3, SOL_TCP, TCP_NODELAY, [0], [4]) = 0
2791  03:02:06 setsockopt(3, SOL_TCP, TCP_NODELAY, [1], 4) = 0
2791  03:02:06 getsockname(3, {sa_family=AF_INET, sin_port=htons(43008), sin_addr=inet_addr("192.168.11.46")}, [16]) = 0
2791  03:02:06 setsockopt(3, SOL_IP, IP_TOS, [16], 4) = 0
2791  03:02:06 ioctl(0, TIOCGWINSZ, {ws_row=25, ws_col=105, ws_xpixel=0, ws_ypixel=0}) = 0
2791  03:02:06 clock_gettime(0x7 /* CLOCK_??? */, {3062, 593092979}) = 0
2791  03:02:06 clock_gettime(0x7 /* CLOCK_??? */, {3062, 593120956}) = 0
2791  03:02:06 select(7, [3], [3], NULL, NULL) = 1 (out [3])
2791  03:02:06 clock_gettime(0x7 /* CLOCK_??? */, {3062, 593172924}) = 0
2791  03:02:06 write(3, "\37cV\223\300\304l\351\201\272\336,(o-\37\3523\0343\257K\236-\237\3,]kt\356["..., 376) = 376
2791  03:02:06 clock_gettime(0x7 /* CLOCK_??? */, {3062, 593514332}) = 0
2791  03:02:06 clock_gettime(0x7 /* CLOCK_??? */, {3062, 593540044}) = 0
2791  03:02:06 select(7, [3], [], NULL, NULL) = 1 (in [3])
2791  03:02:06 clock_gettime(0x7 /* CLOCK_??? */, {3062, 595829929}) = 0
2791  03:02:06 read(3, "\nB\226oH\372\210\267\374\f\211\373\322\326\250\24hH\2N@\224\311`\240g\275\360\17\36\243\7"..., 8192) = 108
2791  03:02:06 clock_gettime(0x7 /* CLOCK_??? */, {3062, 595908264}) = 0
2791  03:02:06 clock_gettime(0x7 /* CLOCK_??? */, {3062, 595930412}) = 0
2791  03:02:06 select(7, [3 4], [], NULL, NULL) = 1 (in [3])
2791  03:02:06 clock_gettime(0x7 /* CLOCK_??? */, {3062, 599333452}) = 0
2791  03:02:06 read(3, "-\244e\33\365)F\245p\374X\201$\302X\n\r\217V\252\301U\356\374M\2610u\242u\203\322"..., 8192) = 292
2791  03:02:06 clock_gettime(0x7 /* CLOCK_??? */, {3062, 599744893}) = 0
2791  03:02:06 clock_gettime(0x7 /* CLOCK_??? */, {3062, 599773987}) = 0
2791  03:02:06 select(7, [3 4], [5], NULL, NULL) = 1 (out [5])
2791  03:02:06 clock_gettime(0x7 /* CLOCK_??? */, {3062, 599836591}) = 0
2791  03:02:06 write(5, "Welcome to Ubuntu 14.04.5 LTS (G"..., 114) = 114
2791  03:02:06 clock_gettime(0x7 /* CLOCK_??? */, {3062, 600353572}) = 0
2791  03:02:06 clock_gettime(0x7 /* CLOCK_??? */, {3062, 600380800}) = 0
2791  03:02:06 select(7, [3 4], [], NULL, NULL) = 1 (in [3])
2791  03:02:06 clock_gettime(0x7 /* CLOCK_??? */, {3062, 600434778}) = 0
2791  03:02:06 read(3, ")\202)Zj\211\5K\266\376\335\305\250_N\223[\357\203\325\212\227.\272\260\17o}\236\272\315M"..., 8192) = 128
2791  03:02:06 clock_gettime(0x7 /* CLOCK_??? */, {3062, 600637066}) = 0
2791  03:02:06 clock_gettime(0x7 /* CLOCK_??? */, {3062, 600659169}) = 0
2791  03:02:06 select(7, [3 4], [5], NULL, NULL) = 1 (out [5])
2791  03:02:06 clock_gettime(0x7 /* CLOCK_??? */, {3062, 600710943}) = 0
2791  03:02:06 write(5, "Last login: Sun Aug 13 00:23:05 "..., 57) = 57
2791  03:02:06 clock_gettime(0x7 /* CLOCK_??? */, {3062, 600892546}) = 0
2791  03:02:06 clock_gettime(0x7 /* CLOCK_??? */, {3062, 601056449}) = 0
2791  03:02:06 select(7, [3 4], [], NULL, NULL) = 1 (in [3])
2791  03:02:06 clock_gettime(0x7 /* CLOCK_??? */, {3062, 688087957}) = 0
2791  03:02:06 read(3, "e\235\354\273\16/\200\25\6\273UZ\241;U\323\t\364\272a\265\277s\364\216\302\"\26\345\257\256\276"..., 8192) = 80
2791  03:02:06 clock_gettime(0x7 /* CLOCK_??? */, {3062, 688544904}) = 0
2791  03:02:06 clock_gettime(0x7 /* CLOCK_??? */, {3062, 688570684}) = 0
2791  03:02:06 select(7, [3 4], [5], NULL, NULL) = 1 (out [5])
2791  03:02:06 clock_gettime(0x7 /* CLOCK_??? */, {3062, 688632463}) = 0
2791  03:02:06 write(5, "bye......\r\n", 11) = 11
2791  03:02:06 clock_gettime(0x7 /* CLOCK_??? */, {3062, 688859107}) = 0
2791  03:02:06 clock_gettime(0x7 /* CLOCK_??? */, {3062, 688989659}) = 0
2791  03:02:06 select(7, [3 4], [], NULL, NULL) = 1 (in [3])
2791  03:02:06 clock_gettime(0x7 /* CLOCK_??? */, {3062, 690779938}) = 0
2791  03:02:06 read(3, "+v>\222;\373\233\326V\345\r\30\376\316{j\305\321\330C~36\32\21073^$\356\v\240"..., 8192) = 68
2791  03:02:06 clock_gettime(0x7 /* CLOCK_??? */, {3062, 690860010}) = 0
2791  03:02:06 clock_gettime(0x7 /* CLOCK_??? */, {3062, 690881271}) = 0
2791  03:02:06 select(7, [3 4], [5], NULL, NULL) = 1 (out [5])
2791  03:02:06 clock_gettime(0x7 /* CLOCK_??? */, {3062, 690932065}) = 0
2791  03:02:06 write(5, "\33]0;root@tony: ~\7root@tony:~# ", 30) = 30
2791  03:02:06 clock_gettime(0x7 /* CLOCK_??? */, {3062, 691303359}) = 0
2791  03:02:06 clock_gettime(0x7 /* CLOCK_??? */, {3062, 691328746}) = 0
2791  03:02:06 select(7, [3 4], [], NULL, NULL) = 1 (in [4])
2791  03:02:11 clock_gettime(0x7 /* CLOCK_??? */, {3067, 564767500}) = 0
2791  03:02:11 read(4, "\4", 16384)     = 1
2791  03:02:11 clock_gettime(0x7 /* CLOCK_??? */, {3067, 564879810}) = 0
2791  03:02:11 clock_gettime(0x7 /* CLOCK_??? */, {3067, 564897444}) = 0
2791  03:02:11 select(7, [3 4], [3], NULL, NULL) = 1 (out [3])
2791  03:02:11 clock_gettime(0x7 /* CLOCK_??? */, {3067, 564935424}) = 0
2791  03:02:11 write(3, "\24\0I\334\364XX\207'\246$\262\372k\273\332\26\5U\25\247\305i\21\23\331\320z\302\254M\234"..., 36) = 36
2791  03:02:11 clock_gettime(0x7 /* CLOCK_??? */, {3067, 565131294}) = 0
2791  03:02:11 clock_gettime(0x7 /* CLOCK_??? */, {3067, 565147961}) = 0
2791  03:02:11 select(7, [3 4], [], NULL, NULL) = 1 (in [3])
2791  03:02:11 clock_gettime(0x7 /* CLOCK_??? */, {3067, 566601151}) = 0
2791  03:02:11 read(3, "\237-i\177\301\262\255mQa\247-\331|v\304}\275\327p\270\230\7H\277hA`A-\327\254"..., 8192) = 80
2791  03:02:11 clock_gettime(0x7 /* CLOCK_??? */, {3067, 566654961}) = 0
2791  03:02:11 clock_gettime(0x7 /* CLOCK_??? */, {3067, 566694925}) = 0
2791  03:02:11 select(7, [3 4], [5], NULL, NULL) = 1 (out [5])
2791  03:02:11 clock_gettime(0x7 /* CLOCK_??? */, {3067, 566760178}) = 0
2791  03:02:11 write(5, "logout\r\n", 8) = 8
2791  03:02:11 clock_gettime(0x7 /* CLOCK_??? */, {3067, 566796597}) = 0
2791  03:02:11 clock_gettime(0x7 /* CLOCK_??? */, {3067, 566811385}) = 0
2791  03:02:11 select(7, [3 4], [], NULL, NULL) = 1 (in [3])
2791  03:02:11 clock_gettime(0x7 /* CLOCK_??? */, {3067, 567555805}) = 0
2791  03:02:11 read(3, "\253 m\fvSY[o\363\244\277db44X\344\361\251\344Q'`>\242\311\320bF|\275"..., 8192) = 36
2791  03:02:11 close(5)                 = 0
2791  03:02:11 clock_gettime(0x7 /* CLOCK_??? */, {3067, 567618722}) = 0
2791  03:02:11 clock_gettime(0x7 /* CLOCK_??? */, {3067, 567634328}) = 0
2791  03:02:11 select(7, [3 4], [], NULL, NULL) = 1 (in [3])
2791  03:02:11 clock_gettime(0x7 /* CLOCK_??? */, {3067, 569309828}) = 0
2791  03:02:11 read(3, "\250\273\230\323Y\331W'\23\263\305*W\327\3403~\361\317.\37B\370~j\222\236\370_wj*"..., 8192) = 140
2791  03:02:11 close(4)                 = 0
2791  03:02:11 clock_gettime(0x7 /* CLOCK_??? */, {3067, 569396866}) = 0
2791  03:02:11 clock_gettime(0x7 /* CLOCK_??? */, {3067, 569417082}) = 0
2791  03:02:11 ioctl(0, SNDCTL_TMR_STOP or SNDRV_TIMER_IOCTL_GINFO or TCSETSW, {B38400 opost isig icanon echo ...}) = 0
2791  03:02:11 close(6)                 = 0
2791  03:02:11 select(7, [3], [3], NULL, NULL) = 1 (out [3])
2791  03:02:11 clock_gettime(0x7 /* CLOCK_??? */, {3067, 569635170}) = 0
2791  03:02:11 write(3, "\213\376\200\177\262\277\301\26\213\345.\35\334\222k|\346K\341\177\310\f\227\257\260\21\3137\217\336\3\257"..., 36) = 36
2791  03:02:11 rt_sigaction(SIGWINCH, NULL, {0x7f449def7c80, [], SA_RESTORER, 0x7f449cadd250}, 8) = 0
2791  03:02:11 rt_sigaction(SIGWINCH, {SIG_DFL, [], SA_RESTORER, 0x7f449cadd250}, NULL, 8) = 0
2791  03:02:11 write(3, "\267\215\221\331\261\3657\316h\347\347\356\302wG\201{R\340\332\22\25k\tW\207\215[\274\337d\352"..., 60) = 60
2791  03:02:11 ioctl(0, SNDCTL_TMR_TIMEBASE or SNDRV_TIMER_IOCTL_NEXT_DEVICE or TCGETS, {B38400 opost isig icanon echo ...}) = 0
2791  03:02:11 ioctl(1, SNDCTL_TMR_TIMEBASE or SNDRV_TIMER_IOCTL_NEXT_DEVICE or TCGETS, {B38400 opost isig icanon echo ...}) = 0
2791  03:02:11 ioctl(2, SNDCTL_TMR_TIMEBASE or SNDRV_TIMER_IOCTL_NEXT_DEVICE or TCGETS, {B38400 opost isig icanon echo ...}) = 0
2791  03:02:11 write(2, "Connection to 192.168.11.61 clos"..., 37) = 37
2791  03:02:11 shutdown(3, SHUT_RDWR)   = 0
2791  03:02:11 close(3)                 = 0
2791  03:02:11 exit_group(0)            = ?
2791  03:02:11 +++ exited with 0 +++
